{
    "expected": [
        {
            "@timestamp": "2026-08-22T03:05:12.373Z",
            "ecs": {
                "version": "8.17.0"
            },
            "event": {
                "action": "certificate-revoked",
                "category": [
                    "iam"
                ],
                "code": "4870",
                "type": [
                    "change"
                ]
            },
            "host": {
                "name": "adcs-dc01",
                "os": {
                    "family": "windows",
                    "type": "windows"
                }
            },
            "related": {
                "user": [
                    "Administrator"
                ]
            },
            "user": {
                "domain": "ADCSLAB",
                "id": "S-1-5-21-1718524055-4226609492-735728866-500",
                "name": "Administrator"
            },
            "winlog": {
                "channel": "Security",
                "computer_name": "ADCS-DC01.adcsresearch.local",
                "event_data": {
                    "CertificateSerialNumber": "130000000a1e268cbaf3d2cb0000000000000a",
                    "RevocationReason": "0",
                    "SubjectDomainName": "ADCSLAB",
                    "SubjectLogonId": "0x9b4df7",
                    "SubjectUserName": "Administrator",
                    "SubjectUserSid": "S-1-5-21-1718524055-4226609492-735728866-500"
                },
                "event_id": "4870",
                "logon": {
                    "id": "0x9b4df7"
                },
                "provider_name": "Microsoft-Windows-Security-Auditing",
                "record_id": "4772"
            }
        },
        {
            "@timestamp": "2026-08-22T03:05:12.44Z",
            "ecs": {
                "version": "8.17.0"
            },
            "event": {
                "action": "certificate-revocation-list-publication-requested",
                "category": [
                    "iam"
                ],
                "code": "4871",
                "type": [
                    "info"
                ]
            },
            "host": {
                "name": "adcs-dc01",
                "os": {
                    "family": "windows",
                    "type": "windows"
                }
            },
            "related": {
                "user": [
                    "Administrator"
                ]
            },
            "user": {
                "domain": "ADCSLAB",
                "id": "S-1-5-21-1718524055-4226609492-735728866-500",
                "name": "Administrator"
            },
            "winlog": {
                "channel": "Security",
                "computer_name": "ADCS-DC01.adcsresearch.local",
                "event_data": {
                    "NextPublishForBaseCRL": "Yes",
                    "NextPublishForDeltaCRL": "No",
                    "NextUpdate": "0",
                    "SubjectDomainName": "ADCSLAB",
                    "SubjectLogonId": "0x9b4df7",
                    "SubjectUserName": "Administrator",
                    "SubjectUserSid": "S-1-5-21-1718524055-4226609492-735728866-500"
                },
                "event_id": "4871",
                "logon": {
                    "id": "0x9b4df7"
                },
                "provider_name": "Microsoft-Windows-Security-Auditing",
                "record_id": "4773"
            }
        },
        {
            "@timestamp": "2026-08-22T02:57:41.565Z",
            "ecs": {
                "version": "8.17.0"
            },
            "event": {
                "action": "certificate-request-extension-changed",
                "category": [
                    "iam"
                ],
                "code": "4873",
                "type": [
                    "change"
                ]
            },
            "host": {
                "name": "adcs-dc01",
                "os": {
                    "family": "windows",
                    "type": "windows"
                }
            },
            "related": {
                "user": [
                    "Administrator"
                ]
            },
            "user": {
                "domain": "ADCSLAB",
                "id": "S-1-5-21-1718524055-4226609492-735728866-500",
                "name": "Administrator"
            },
            "winlog": {
                "adcs": {
                    "request": {
                        "extension": {
                            "name": "1.3.6.1.4.1.311.99.1",
                            "oid": "1.3.6.1.4.1.311.99.1"
                        },
                        "id": 11
                    }
                },
                "channel": "Security",
                "computer_name": "ADCS-DC01.adcsresearch.local",
                "event_data": {
                    "ExtensionData": "aAB0AHQAcABzADoALwAvAGEAdABsAGEAcwAuAGkAbgB2AGEAbABpAGQALwBiAGUA\nbgBpAGcAbgAtAGMAbwBuAHQAcgBvAGwAAAA=",
                    "ExtensionDataType": "4",
                    "ExtensionName": "1.3.6.1.4.1.311.99.1",
                    "ExtensionPolicyFlags": "0",
                    "RequestId": "11",
                    "SubjectDomainName": "ADCSLAB",
                    "SubjectLogonId": "0x97c883",
                    "SubjectUserName": "Administrator",
                    "SubjectUserSid": "S-1-5-21-1718524055-4226609492-735728866-500"
                },
                "event_id": "4873",
                "logon": {
                    "id": "0x97c883"
                },
                "provider_name": "Microsoft-Windows-Security-Auditing",
                "record_id": "4348"
            }
        },
        {
            "@timestamp": "2026-08-22T02:57:41.556Z",
            "ecs": {
                "version": "8.17.0"
            },
            "event": {
                "action": "certificate-request-attributes-changed",
                "category": [
                    "iam"
                ],
                "code": "4874",
                "type": [
                    "change"
                ]
            },
            "host": {
                "name": "adcs-dc01",
                "os": {
                    "family": "windows",
                    "type": "windows"
                }
            },
            "related": {
                "user": [
                    "Administrator"
                ]
            },
            "user": {
                "domain": "ADCSLAB",
                "id": "S-1-5-21-1718524055-4226609492-735728866-500",
                "name": "Administrator"
            },
            "winlog": {
                "adcs": {
                    "request": {
                        "id": 11
                    }
                },
                "channel": "Security",
                "computer_name": "ADCS-DC01.adcsresearch.local",
                "event_data": {
                    "Attributes": "Atlas-Manager-Note: benign-one\nATLAS manager note:benign-two",
                    "RequestId": "11",
                    "SubjectDomainName": "ADCSLAB",
                    "SubjectLogonId": "0x97c883",
                    "SubjectUserName": "Administrator",
                    "SubjectUserSid": "S-1-5-21-1718524055-4226609492-735728866-500"
                },
                "event_id": "4874",
                "logon": {
                    "id": "0x97c883"
                },
                "provider_name": "Microsoft-Windows-Security-Auditing",
                "record_id": "4347"
            }
        },
        {
            "@timestamp": "2026-08-22T03:19:47.923Z",
            "ecs": {
                "version": "8.17.0"
            },
            "event": {
                "action": "certificate-services-shutdown-requested",
                "category": [
                    "configuration"
                ],
                "code": "4875",
                "type": [
                    "info"
                ]
            },
            "host": {
                "name": "adcs-dc01",
                "os": {
                    "family": "windows",
                    "type": "windows"
                }
            },
            "related": {
                "user": [
                    "Administrator"
                ]
            },
            "user": {
                "domain": "ADCSLAB",
                "id": "S-1-5-21-1718524055-4226609492-735728866-500",
                "name": "Administrator"
            },
            "winlog": {
                "channel": "Security",
                "computer_name": "ADCS-DC01.adcsresearch.local",
                "event_data": {
                    "SubjectDomainName": "ADCSLAB",
                    "SubjectLogonId": "0xa3711a",
                    "SubjectUserName": "Administrator",
                    "SubjectUserSid": "S-1-5-21-1718524055-4226609492-735728866-500"
                },
                "event_id": "4875",
                "logon": {
                    "id": "0xa3711a"
                },
                "provider_name": "Microsoft-Windows-Security-Auditing",
                "record_id": "5014"
            }
        },
        {
            "@timestamp": "2026-08-22T03:19:47.765Z",
            "ecs": {
                "version": "8.17.0"
            },
            "event": {
                "action": "certificate-services-configuration-entry-changed",
                "category": [
                    "configuration"
                ],
                "code": "4891",
                "type": [
                    "change"
                ]
            },
            "host": {
                "name": "adcs-dc01",
                "os": {
                    "family": "windows",
                    "type": "windows"
                }
            },
            "related": {
                "user": [
                    "Administrator"
                ]
            },
            "user": {
                "domain": "ADCSLAB",
                "id": "S-1-5-21-1718524055-4226609492-735728866-500",
                "name": "Administrator"
            },
            "winlog": {
                "channel": "Security",
                "computer_name": "ADCS-DC01.adcsresearch.local",
                "event_data": {
                    "Entry": "PublishCertFlags",
                    "Node": "ExitModules\\CertificateAuthority_MicrosoftDefault.Exit",
                    "SubjectDomainName": "ADCSLAB",
                    "SubjectLogonId": "0xa3711a",
                    "SubjectUserName": "Administrator",
                    "SubjectUserSid": "S-1-5-21-1718524055-4226609492-735728866-500",
                    "Value": "3"
                },
                "event_id": "4891",
                "logon": {
                    "id": "0xa3711a"
                },
                "provider_name": "Microsoft-Windows-Security-Auditing",
                "record_id": "5012"
            }
        },
        {
            "@timestamp": "2026-08-22T03:05:07.752Z",
            "ecs": {
                "version": "8.17.0"
            },
            "event": {
                "action": "certificate-manager-denied-pending-certificate-request",
                "category": [
                    "configuration"
                ],
                "code": "4868",
                "type": [
                    "change"
                ]
            },
            "host": {
                "name": "adcs-dc01",
                "os": {
                    "family": "windows",
                    "type": "windows"
                }
            },
            "related": {
                "user": [
                    "Administrator"
                ]
            },
            "user": {
                "domain": "ADCSLAB",
                "id": "S-1-5-21-1718524055-4226609492-735728866-500",
                "name": "Administrator"
            },
            "winlog": {
                "adcs": {
                    "request": {
                        "id": 12
                    }
                },
                "channel": "Security",
                "computer_name": "ADCS-DC01.adcsresearch.local",
                "event_data": {
                    "RequestId": "12",
                    "SubjectDomainName": "ADCSLAB",
                    "SubjectLogonId": "0x9b4df7",
                    "SubjectUserName": "Administrator",
                    "SubjectUserSid": "S-1-5-21-1718524055-4226609492-735728866-500"
                },
                "event_id": "4868",
                "logon": {
                    "id": "0x9b4df7"
                },
                "provider_name": "Microsoft-Windows-Security-Auditing",
                "record_id": "4654"
            }
        },
        {
            "@timestamp": "2026-08-22T02:57:41.621Z",
            "ecs": {
                "version": "8.17.0"
            },
            "event": {
                "action": "certificate-services-received-resubmitted-certificate-request",
                "category": [
                    "configuration"
                ],
                "code": "4869",
                "type": [
                    "info"
                ]
            },
            "host": {
                "name": "adcs-dc01",
                "os": {
                    "family": "windows",
                    "type": "windows"
                }
            },
            "related": {
                "user": [
                    "Administrator"
                ]
            },
            "user": {
                "domain": "ADCSLAB",
                "id": "S-1-5-21-1718524055-4226609492-735728866-500",
                "name": "Administrator"
            },
            "winlog": {
                "adcs": {
                    "request": {
                        "id": 11
                    }
                },
                "channel": "Security",
                "computer_name": "ADCS-DC01.adcsresearch.local",
                "event_data": {
                    "RequestId": "11",
                    "SubjectDomainName": "ADCSLAB",
                    "SubjectLogonId": "0x97c883",
                    "SubjectUserName": "Administrator",
                    "SubjectUserSid": "S-1-5-21-1718524055-4226609492-735728866-500"
                },
                "event_id": "4869",
                "logon": {
                    "id": "0x97c883"
                },
                "provider_name": "Microsoft-Windows-Security-Auditing",
                "record_id": "4351"
            }
        },
        {
            "@timestamp": "2026-08-25T20:24:43.1Z",
            "ecs": {
                "version": "8.17.0"
            },
            "event": {
                "action": "certificate-services-backup-started",
                "category": [
                    "session"
                ],
                "code": "4876",
                "type": [
                    "start"
                ]
            },
            "host": {
                "name": "braavos",
                "os": {
                    "family": "windows",
                    "type": "windows"
                }
            },
            "related": {
                "user": [
                    "BRAAVOS$"
                ]
            },
            "user": {
                "domain": "ESSOS",
                "id": "S-1-5-18",
                "name": "BRAAVOS$"
            },
            "winlog": {
                "channel": "Security",
                "computer_name": "braavos.essos.local",
                "event_data": {
                    "BackupType": "1",
                    "BackupTypeDescription": "full backup",
                    "SubjectDomainName": "ESSOS",
                    "SubjectLogonId": "0x3e7",
                    "SubjectUserName": "BRAAVOS$",
                    "SubjectUserSid": "S-1-5-18"
                },
                "event_id": "4876",
                "logon": {
                    "id": "0x3e7"
                },
                "provider_name": "Microsoft-Windows-Security-Auditing",
                "record_id": "2102983"
            }
        },
        {
            "@timestamp": "2026-08-25T21:53:51.753Z",
            "ecs": {
                "version": "8.17.0"
            },
            "event": {
                "action": "certificate-services-property-changed",
                "category": [
                    "configuration"
                ],
                "code": "4892",
                "type": [
                    "change"
                ]
            },
            "host": {
                "name": "adcs-dc01",
                "os": {
                    "family": "windows",
                    "type": "windows"
                }
            },
            "related": {
                "user": [
                    "Administrator"
                ]
            },
            "user": {
                "domain": "ADCSLAB",
                "id": "S-1-5-21-1718524055-4226609492-735728866-500",
                "name": "Administrator"
            },
            "winlog": {
                "channel": "Security",
                "computer_name": "ADCS-DC01.adcsresearch.local",
                "event_data": {
                    "PropertyIndex": "0",
                    "PropertyName": "29",
                    "PropertyType": "4",
                    "PropertyValue": "DirectoryEmailReplication\n1.3.6.1.4.1.311.21.8.4857691.1333008.2703509.9243065.7931139.13.1.29\nDomainControllerAuthentication\n1.3.6.1.4.1.311.21.8.4857691.1333008.2703509.9243065.7931139.13.1.28\nKerberosAuthentication\n1.3.6.1.4.1.311.21.8.4857691.1333008.2703509.9243065.7931139.13.1.33\nEFSRecovery\n1.3.6.1.4.1.311.21.8.4857691.1333008.2703509.9243065.7931139.13.1.8\nEFS\n1.3.6.1.4.1.311.21.8.4857691.1333008.2703509.9243065.7931139.13.1.6\nDomainController\n1.3.6.1.4.1.311.21.8.4857691.1333008.2703509.9243065.7931139.13.1.15\nWebServer\n1.3.6.1.4.1.311.21.8.4857691.1333008.2703509.9243065.7931139.13.1.16\nMachine\n1.3.6.1.4.1.311.21.8.4857691.1333008.2703509.9243065.7931139.13.1.14\nUser\n1.3.6.1.4.1.311.21.8.4857691.1333008.2703509.9243065.7931139.13.1.1\nSubCA\n1.3.6.1.4.1.311.21.8.4857691.1333008.2703509.9243065.7931139.13.1.18\nAdministrator\n1.3.6.1.4.1.311.21.8.4857691.1333008.2703509.9243065.7931139.13.1.7",
                    "SubjectDomainName": "ADCSLAB",
                    "SubjectLogonId": "0x47e42df",
                    "SubjectUserName": "Administrator",
                    "SubjectUserSid": "S-1-5-21-1718524055-4226609492-735728866-500"
                },
                "event_id": "4892",
                "logon": {
                    "id": "0x47e42df"
                },
                "provider_name": "Microsoft-Windows-Security-Auditing",
                "record_id": "38747"
            }
        }
    ]
}
