{
    "events": [
        {
            "@timestamp": "2026-09-05T12:00:00.000Z",
            "event": {
                "code": "4888"
            },
            "winlog": {
                "channel": "Security",
                "provider_name": "Microsoft-Windows-Security-Auditing",
                "event_id": "4888",
                "event_data": {
                    "Disposition": "-2146875392"
                }
            }
        },
        {
            "@timestamp": "2026-09-05T12:00:00.000Z",
            "event": {
                "code": "4888"
            },
            "winlog": {
                "channel": "Security",
                "provider_name": "Microsoft-Windows-Security-Auditing",
                "event_id": "4888",
                "event_data": {
                    "Disposition": "2148091904"
                }
            }
        },
        {
            "@timestamp": "2026-09-05T12:00:00.000Z",
            "event": {
                "code": "4888"
            },
            "winlog": {
                "channel": "Security",
                "provider_name": "Microsoft-Windows-Security-Auditing",
                "event_id": "4888",
                "event_data": {
                    "Disposition": "+2148091904"
                }
            }
        },
        {
            "@timestamp": "2026-09-05T12:00:00.000Z",
            "event": {
                "code": "4888"
            },
            "winlog": {
                "channel": "Security",
                "provider_name": "Microsoft-Windows-Security-Auditing",
                "event_id": "4888",
                "event_data": {
                    "Disposition": "-2146875359"
                }
            }
        },
        {
            "@timestamp": "2026-09-05T12:00:00.000Z",
            "event": {
                "code": "4888"
            },
            "winlog": {
                "channel": "Security",
                "provider_name": "Microsoft-Windows-Security-Auditing",
                "event_id": "4888",
                "event_data": {
                    "Disposition": "-2146828289"
                }
            }
        },
        {
            "@timestamp": "2026-09-05T12:00:00.000Z",
            "event": {
                "code": "4887"
            },
            "winlog": {
                "channel": "Security",
                "provider_name": "Microsoft-Windows-Security-Auditing",
                "event_id": "4887",
                "event_data": {
                    "Disposition": "3"
                }
            }
        },
        {
            "@timestamp": "2026-09-05T12:00:00.000Z",
            "event": {
                "code": "4889"
            },
            "winlog": {
                "channel": "Security",
                "provider_name": "Microsoft-Windows-Security-Auditing",
                "event_id": "4889",
                "event_data": {
                    "Disposition": "5"
                }
            }
        },
        {
            "@timestamp": "2026-09-05T12:00:00.000Z",
            "event": {
                "code": "4888"
            },
            "winlog": {
                "channel": "Security",
                "provider_name": "Microsoft-Windows-Security-Auditing",
                "event_id": "4888",
                "event_data": {
                    "Disposition": "0"
                }
            }
        },
        {
            "@timestamp": "2026-09-05T12:00:00.000Z",
            "event": {
                "code": "4888"
            },
            "winlog": {
                "channel": "Security",
                "provider_name": "Microsoft-Windows-Security-Auditing",
                "event_id": "4888",
                "event_data": {
                    "Disposition": "6443059200"
                }
            }
        },
        {
            "@timestamp": "2026-09-05T12:00:00.000Z",
            "event": {
                "code": "4888"
            },
            "winlog": {
                "channel": "Security",
                "provider_name": "Microsoft-Windows-Security-Auditing",
                "event_id": "4888",
                "event_data": {
                    "Disposition": "-6441842688"
                }
            }
        },
        {
            "@timestamp": "2026-09-05T12:00:00.000Z",
            "event": {
                "code": "4888"
            },
            "winlog": {
                "channel": "Security",
                "provider_name": "Microsoft-Windows-Security-Auditing",
                "event_id": "4888",
                "event_data": {
                    "Disposition": "9223372036854775807"
                }
            }
        },
        {
            "@timestamp": "2026-09-05T12:00:00.000Z",
            "event": {
                "code": "4888"
            },
            "winlog": {
                "channel": "Security",
                "provider_name": "Microsoft-Windows-Security-Auditing",
                "event_id": "4888",
                "event_data": {
                    "Disposition": "-9223372036854775808"
                }
            }
        },
        {
            "@timestamp": "2026-09-05T12:00:00.000Z",
            "event": {
                "code": "4888"
            },
            "winlog": {
                "channel": "Security",
                "provider_name": "Microsoft-Windows-Security-Auditing",
                "event_id": "4888",
                "event_data": {
                    "Disposition": "0x80094800"
                }
            }
        },
        {
            "@timestamp": "2026-09-05T12:00:00.000Z",
            "event": {
                "code": "4888"
            },
            "winlog": {
                "channel": "Security",
                "provider_name": "Microsoft-Windows-Security-Auditing",
                "event_id": "4888",
                "event_data": {
                    "Disposition": "-2146875392.0"
                }
            }
        },
        {
            "@timestamp": "2026-09-05T12:00:00.000Z",
            "event": {
                "code": "4888"
            },
            "winlog": {
                "channel": "Security",
                "provider_name": "Microsoft-Windows-Security-Auditing",
                "event_id": "4888",
                "event_data": {
                    "Disposition": " -2146875392 "
                }
            }
        },
        {
            "@timestamp": "2026-09-05T12:00:00.000Z",
            "event": {
                "code": "4888"
            },
            "winlog": {
                "channel": "Security",
                "provider_name": "Microsoft-Windows-Security-Auditing",
                "event_id": "4888",
                "event_data": {}
            }
        },
        {
            "@timestamp": "2026-09-05T12:00:00.000Z",
            "event": {
                "code": "4888"
            },
            "winlog": {
                "channel": "Security",
                "provider_name": "Microsoft-Windows-Security-Auditing",
                "event_id": "4888",
                "event_data": {
                    "Disposition": null
                }
            }
        },
        {
            "@timestamp": "2026-09-05T12:00:00.000Z",
            "event": {
                "code": "4888"
            },
            "winlog": {
                "channel": "Security",
                "provider_name": "Microsoft-Windows-Security-Auditing",
                "event_id": "4888",
                "event_data": {
                    "Disposition": "-2146875392"
                },
                "adcs": {
                    "request": {
                        "disposition": {
                            "code": 1,
                            "name": "STALE"
                        }
                    }
                }
            }
        },
        {
            "@timestamp": "2026-09-05T12:00:00.000Z",
            "event": {
                "code": "4888"
            },
            "winlog": {
                "channel": "Security",
                "provider_name": "Microsoft-Windows-Security-Auditing",
                "event_id": "4888",
                "event_data": {
                    "Disposition": "-2146875393"
                },
                "adcs": {
                    "request": {
                        "disposition": {
                            "code": -2146875392,
                            "name": "CERTSRV_E_UNSUPPORTED_CERT_TYPE"
                        }
                    }
                }
            }
        },
        {
            "@timestamp": "2026-09-05T12:00:00.000Z",
            "event": {
                "code": "4888"
            },
            "winlog": {
                "channel": "Security",
                "provider_name": "Microsoft-Windows-Security-Auditing",
                "event_id": "4888",
                "event_data": {},
                "adcs": {
                    "request": {
                        "disposition": {
                            "code": -2146875392,
                            "name": "CERTSRV_E_UNSUPPORTED_CERT_TYPE"
                        }
                    }
                }
            }
        },
        {
            "@timestamp": "2026-09-05T12:00:00.000Z",
            "event": {
                "code": "4888"
            },
            "winlog": {
                "channel": "Security",
                "provider_name": "Microsoft-Windows-Security-Auditing",
                "event_id": "4888",
                "event_data": {
                    "Disposition": "invalid"
                },
                "adcs": {
                    "request": {
                        "disposition": {
                            "code": -2146875392,
                            "name": "CERTSRV_E_UNSUPPORTED_CERT_TYPE"
                        }
                    }
                }
            }
        },
        {
            "@timestamp": "2026-09-05T12:00:00.000Z",
            "event": {
                "code": "4886"
            },
            "winlog": {
                "channel": "Security",
                "provider_name": "Microsoft-Windows-Security-Auditing",
                "event_id": "4886",
                "event_data": {
                    "Disposition": "-2146875392"
                },
                "adcs": {
                    "request": {
                        "disposition": {
                            "code": -2146875392,
                            "name": "CERTSRV_E_UNSUPPORTED_CERT_TYPE"
                        }
                    }
                }
            }
        },
        {
            "@timestamp": "2026-09-05T12:00:00.000Z",
            "event": {
                "code": "4888"
            },
            "winlog": {
                "channel": "Security",
                "provider_name": "Microsoft-Windows-Security-Auditing",
                "event_id": "4888",
                "event_data": {
                    "Disposition": "-2146875392"
                },
                "adcs": {
                    "request": {
                        "disposition": {
                            "name": {
                                "unexpected": "object"
                            }
                        }
                    }
                }
            }
        },
        {
            "@timestamp": "2026-09-05T12:00:00.000Z",
            "event": {
                "code": "4888"
            },
            "winlog": {
                "channel": "Security",
                "provider_name": "Microsoft-Windows-Security-Auditing",
                "event_id": "4888",
                "event_data": {
                    "Disposition": "-2146875392"
                },
                "adcs": {
                    "request": {
                        "disposition": {
                            "code": "invalid",
                            "name": "STALE"
                        }
                    }
                }
            }
        },
        {
            "@timestamp": "2026-09-06T12:00:00.000Z",
            "event": {
                "code": "4888",
                "action": "ADCS-DENIED",
                "category": [
                    "configuration",
                    "authentication"
                ],
                "outcome": "failure"
            },
            "winlog": {
                "channel": "Security",
                "provider_name": "Microsoft-Windows-Security-Auditing",
                "event_id": "4888",
                "event_data": {
                    "Disposition": "-2146875392"
                }
            }
        },
        {
            "@timestamp": "2026-09-05T12:00:00.000Z",
            "event": {
                "code": "4888"
            },
            "winlog": {
                "channel": "Security",
                "provider_name": "Synthetic-Other-Provider",
                "event_id": "4888",
                "event_data": {
                    "Disposition": "-2146875392"
                }
            }
        },
        {
            "@timestamp": "2026-09-05T12:00:00.000Z",
            "event": {
                "code": "4888"
            },
            "winlog": {
                "channel": "Application",
                "provider_name": "Microsoft-Windows-Security-Auditing",
                "event_id": "4888",
                "event_data": {
                    "Disposition": "-2146875392"
                }
            }
        },
        {
            "@timestamp": "2026-09-05T12:00:00.000Z",
            "event": {
                "code": "4890"
            },
            "winlog": {
                "channel": "Security",
                "provider_name": "Microsoft-Windows-Security-Auditing",
                "event_id": "4890",
                "event_data": {
                    "Disposition": "-2146875392"
                }
            }
        },
        {
            "@timestamp": "2026-08-22T03:05:07.752Z",
            "event": {
                "code": "4888"
            },
            "host": {
                "name": "adcs-dc01"
            },
            "winlog": {
                "activity_id": "{11b78485-31d3-0001-d984-b711d331dd01}",
                "channel": "Security",
                "computer_name": "ADCS-DC01.adcsresearch.local",
                "event_data": {
                    "Disposition": "2",
                    "RequestId": "12",
                    "Requester": "ADCSLAB\\Administrator",
                    "SubjectKeyIdentifier": "63 c4 21 2e 83 d0 e9 df 87 ea 94 a8 28 b1 7d 2e 0a 72 0a c6"
                },
                "event_id": "4888",
                "keywords": [
                    "Audit Failure"
                ],
                "opcode": "Info",
                "process": {
                    "pid": 700,
                    "thread": {
                        "id": 5480
                    }
                },
                "provider_guid": "{54849625-5478-4994-a5ba-3e3b0328c30d}",
                "provider_name": "Microsoft-Windows-Security-Auditing",
                "record_id": "4653",
                "task": "Certification Services"
            }
        }
    ]
}
