{
    "expected": [
        {
            "@timestamp": "2026-08-26T09:14:14.389Z",
            "ecs": {
                "version": "8.17.0"
            },
            "event": {
                "action": "certificate-request-denied",
                "category": [
                    "iam"
                ],
                "code": "4888",
                "type": [
                    "info"
                ]
            },
            "host": {
                "name": "adcs-dc01",
                "os": {
                    "family": "windows",
                    "type": "windows"
                }
            },
            "related": {
                "user": [
                    "Administrator"
                ]
            },
            "user": {
                "domain": "ADCSLAB",
                "name": "Administrator"
            },
            "winlog": {
                "adcs": {
                    "request": {
                        "attributes": {
                            "ccm": [
                                "ADCS-DC01.adcsresearch.local"
                            ],
                            "certificate_template": [
                                "CODEX-WEF-ADCS-Persistent-20260826-v1"
                            ],
                            "request_client_info": [
                                "codex-wef-forwarded-persistent-v1"
                            ],
                            "san": [
                                "upn=administrator@adcsresearch.local&dns=adcs-dc01.adcsresearch.local&url=tag:microsoft.com,2022-09-14:sid:S-1-5-21-1718524055-4226609492-735728866-500"
                            ]
                        },
                        "disposition": {
                            "code": -2146875392,
                            "name": "CERTSRV_E_UNSUPPORTED_CERT_TYPE"
                        },
                        "id": 28,
                        "requester": {
                            "domain": "ADCSLAB",
                            "name": "Administrator"
                        },
                        "subject_alt_name": {
                            "dns": [
                                "adcs-dc01.adcsresearch.local"
                            ],
                            "sid": [
                                "S-1-5-21-1718524055-4226609492-735728866-500"
                            ],
                            "upn": [
                                "administrator@adcsresearch.local"
                            ],
                            "uri": [
                                "tag:microsoft.com,2022-09-14:sid:S-1-5-21-1718524055-4226609492-735728866-500"
                            ]
                        }
                    }
                },
                "channel": "Security",
                "computer_name": "ADCS-DC01.adcsresearch.local",
                "event_data": {
                    "Attributes": "\nCertificateTemplate:CODEX-WEF-ADCS-Persistent-20260826-v1\nSAN:upn=administrator@adcsresearch.local&dns=adcs-dc01.adcsresearch.local&url=tag:microsoft.com,2022-09-14:sid:S-1-5-21-1718524055-4226609492-735728866-500\nRequestClientInfo:codex-wef-forwarded-persistent-v1\nCodexRunLabel:adcs-ws2022-wef-forwarded-persistent-20260826-v1\nccm:ADCS-DC01.adcsresearch.local",
                    "Disposition": "-2146875392",
                    "RequestId": "28",
                    "Requester": "ADCSLAB\\Administrator",
                    "SubjectKeyIdentifier": "03 0b 55 1f 76 c2 1b 15 b1 b5 63 3a 8e cb ae fc bd 1c e3 56"
                },
                "event_id": "4888",
                "provider_name": "Microsoft-Windows-Security-Auditing",
                "record_id": "44677"
            }
        },
        {
            "@timestamp": "2026-08-04T15:28:40.294Z",
            "ecs": {
                "version": "8.17.0"
            },
            "event": {
                "action": "certificate-issued",
                "category": [
                    "iam"
                ],
                "code": "4887",
                "type": [
                    "creation"
                ]
            },
            "host": {
                "name": "wdc01",
                "os": {
                    "family": "windows",
                    "type": "windows"
                }
            },
            "related": {
                "user": [
                    "normaluser"
                ]
            },
            "user": {
                "domain": "CERTIGHOST",
                "name": "normaluser"
            },
            "winlog": {
                "adcs": {
                    "request": {
                        "attributes": {
                            "certificate_template": [
                                "User"
                            ]
                        },
                        "disposition": {
                            "code": 3,
                            "name": "CR_DISP_ISSUED"
                        },
                        "id": 3,
                        "requester": {
                            "domain": "CERTIGHOST",
                            "name": "normaluser"
                        }
                    }
                },
                "channel": "Security",
                "computer_name": "WDC01.certighost.local",
                "event_data": {
                    "Attributes": "CertificateTemplate:User",
                    "CertificateTemplate": "User",
                    "Disposition": "3",
                    "RequestId": "3",
                    "Requester": "CERTIGHOST\\normaluser",
                    "Subject": "CN=normaluser, CN=Users, DC=certighost, DC=local",
                    "SubjectKeyIdentifier": "1a e1 14 3d ca 4f 01 c1 74 a9 02 bc 3b 48 65 f1 be e8 92 cc"
                },
                "event_id": "4887",
                "provider_name": "Microsoft-Windows-Security-Auditing",
                "record_id": "12692"
            }
        },
        {
            "@timestamp": "2026-08-25T14:25:24.956Z",
            "ecs": {
                "version": "8.17.0"
            },
            "event": {
                "action": "certificate-issued",
                "category": [
                    "iam"
                ],
                "code": "4887",
                "type": [
                    "creation"
                ]
            },
            "host": {
                "name": "braavos",
                "os": {
                    "family": "windows",
                    "type": "windows"
                }
            },
            "related": {
                "user": [
                    "khal.drogo"
                ]
            },
            "user": {
                "domain": "ESSOS",
                "name": "khal.drogo"
            },
            "winlog": {
                "adcs": {
                    "request": {
                        "attributes": {
                            "certificate_template": [
                                "ESC1"
                            ],
                            "san": [
                                "upn=khal.drogo@essos.local&url=tag:microsoft.com,2022-09-14:sid:S-1-5-21-2038103339-2155116624-3331879844-1115&url=S-1-5-21-2038103339-2155116624-3331879844-1115"
                            ]
                        },
                        "disposition": {
                            "code": 3,
                            "name": "CR_DISP_ISSUED"
                        },
                        "id": 17,
                        "requester": {
                            "domain": "ESSOS",
                            "name": "khal.drogo"
                        },
                        "subject_alt_name": {
                            "sid": [
                                "S-1-5-21-2038103339-2155116624-3331879844-1115"
                            ],
                            "upn": [
                                "khal.drogo@essos.local"
                            ],
                            "uri": [
                                "tag:microsoft.com,2022-09-14:sid:S-1-5-21-2038103339-2155116624-3331879844-1115",
                                "S-1-5-21-2038103339-2155116624-3331879844-1115"
                            ]
                        }
                    }
                },
                "channel": "Security",
                "computer_name": "braavos.essos.local",
                "event_data": {
                    "Attributes": "CertificateTemplate:ESC1\nSAN:upn=khal.drogo@essos.local&url=tag:microsoft.com,2022-09-14:sid:S-1-5-21-2038103339-2155116624-3331879844-1115&url=S-1-5-21-2038103339-2155116624-3331879844-1115",
                    "Disposition": "3",
                    "RequestId": "17",
                    "Requester": "ESSOS\\khal.drogo",
                    "Subject": "CN=khal.drogo",
                    "SubjectKeyIdentifier": "14 11 a0 af ea bb 2f 70 12 f6 38 cd 57 de 5e af 8b 58 40 b4"
                },
                "event_id": "4887",
                "provider_name": "Microsoft-Windows-Security-Auditing",
                "record_id": "2077058"
            }
        },
        {
            "@timestamp": "2026-08-25T14:43:04.482Z",
            "ecs": {
                "version": "8.17.0"
            },
            "event": {
                "action": "certificate-issued",
                "category": [
                    "iam"
                ],
                "code": "4887",
                "type": [
                    "creation"
                ]
            },
            "host": {
                "name": "braavos",
                "os": {
                    "family": "windows",
                    "type": "windows"
                }
            },
            "related": {
                "user": [
                    "BRAAVOS$"
                ]
            },
            "user": {
                "domain": "ESSOS",
                "name": "BRAAVOS$"
            },
            "winlog": {
                "adcs": {
                    "request": {
                        "attributes": {
                            "ccm": [
                                "braavos.essos.local"
                            ]
                        },
                        "disposition": {
                            "code": 3,
                            "name": "CR_DISP_ISSUED"
                        },
                        "id": 18,
                        "requester": {
                            "domain": "ESSOS",
                            "name": "BRAAVOS$"
                        }
                    }
                },
                "channel": "Security",
                "computer_name": "braavos.essos.local",
                "event_data": {
                    "Attributes": "\n\nccm:braavos.essos.local",
                    "Disposition": "3",
                    "RequestId": "18",
                    "Requester": "ESSOS\\BRAAVOS$",
                    "Subject": "CN=braavos.essos.local",
                    "SubjectKeyIdentifier": "3d fb c6 d9 7d a0 36 83 5a 5c fa a7 30 f4 92 ef d7 dd 31 5e"
                },
                "event_id": "4887",
                "provider_name": "Microsoft-Windows-Security-Auditing",
                "record_id": "2078682"
            }
        },
        {
            "@timestamp": "2026-08-22T02:57:41.515Z",
            "ecs": {
                "version": "8.17.0"
            },
            "event": {
                "action": "certificate-request-pending",
                "category": [
                    "iam"
                ],
                "code": "4889",
                "type": [
                    "info"
                ]
            },
            "host": {
                "name": "adcs-dc01",
                "os": {
                    "family": "windows",
                    "type": "windows"
                }
            },
            "related": {
                "user": [
                    "Administrator"
                ]
            },
            "user": {
                "domain": "ADCSLAB",
                "name": "Administrator"
            },
            "winlog": {
                "adcs": {
                    "request": {
                        "attributes": {
                            "ccm": [
                                "ADCS-DC01.adcsresearch.local",
                                "ADCS-DC01.adcsresearch.local"
                            ],
                            "cdc": [
                                "ADCS-DC01.adcsresearch.local"
                            ],
                            "certificate_template": [
                                "ATLAS-WS22-Pend-v1"
                            ],
                            "request_client_info": [
                                "atlas-pending-resubmit"
                            ],
                            "rmd": [
                                "ADCS-DC01.adcsresearch.local"
                            ]
                        },
                        "disposition": {
                            "code": 5,
                            "name": "CR_DISP_UNDER_SUBMISSION"
                        },
                        "id": 11,
                        "requester": {
                            "domain": "ADCSLAB",
                            "name": "Administrator"
                        }
                    }
                },
                "channel": "Security",
                "computer_name": "ADCS-DC01.adcsresearch.local",
                "event_data": {
                    "Attributes": "\nCertificateTemplate:ATLAS-WS22-Pend-v1\nRequestClientInfo:atlas-pending-resubmit\ncdc:ADCS-DC01.adcsresearch.local\nrmd:ADCS-DC01.adcsresearch.local\nccm:ADCS-DC01.adcsresearch.local\nAtlasRunLabel:adcs-ws2022-atlas-20260822-v1-continuation-pending\nccm:ADCS-DC01.adcsresearch.local",
                    "Disposition": "5",
                    "RequestId": "11",
                    "Requester": "ADCSLAB\\Administrator",
                    "SubjectKeyIdentifier": "7e 75 cc 7d 37 f0 77 6d 7b f7 29 f1 ad 0b 47 50 71 a5 36 f8"
                },
                "event_id": "4889",
                "provider_name": "Microsoft-Windows-Security-Auditing",
                "record_id": "4346"
            }
        },
        {
            "ecs": {
                "version": "8.17.0"
            },
            "event": {
                "action": "certificate-request-denied",
                "category": [
                    "iam"
                ],
                "code": "4888",
                "type": [
                    "info"
                ]
            },
            "host": {
                "os": {
                    "family": "windows",
                    "type": "windows"
                }
            },
            "winlog": {
                "adcs": {
                    "request": {
                        "attributes": {
                            "certificate_template": [
                                "ValidTemplate"
                            ],
                            "san": [
                                "UPN&=x&dns=&url=tag:microsoft.com,2022-09-14:sid:"
                            ]
                        },
                        "id": 101,
                        "subject_alt_name": {
                            "uri": [
                                "tag:microsoft.com,2022-09-14:sid:"
                            ]
                        }
                    }
                },
                "channel": "Security",
                "event_data": {
                    "Attributes": "CertificateTemplate:ValidTemplate\nmalformed line\nSAN:UPN&=x&dns=&url=tag:microsoft.com,2022-09-14:sid:\nCertificateTemplate:",
                    "RequestId": "101"
                },
                "provider_name": "Microsoft-Windows-Security-Auditing"
            }
        },
        {
            "ecs": {
                "version": "8.17.0"
            },
            "event": {
                "action": "certificate-request-received",
                "category": [
                    "iam"
                ],
                "code": "4886",
                "type": [
                    "info"
                ]
            },
            "host": {
                "os": {
                    "family": "windows",
                    "type": "windows"
                }
            },
            "winlog": {
                "adcs": {
                    "request": {
                        "attributes": {
                            "certificate_template": [
                                "TemplateA",
                                "TemplateA"
                            ],
                            "san": [
                                "upn=user@synthetic.invalid&upn=user@synthetic.invalid&dns=host.synthetic.invalid&dns=host.synthetic.invalid"
                            ]
                        },
                        "id": 102,
                        "subject_alt_name": {
                            "dns": [
                                "host.synthetic.invalid",
                                "host.synthetic.invalid"
                            ],
                            "upn": [
                                "user@synthetic.invalid",
                                "user@synthetic.invalid"
                            ]
                        }
                    }
                },
                "channel": "Security",
                "event_data": {
                    "Attributes": "CertificateTemplate:TemplateA\nCertificateTemplate:TemplateA\nSAN:upn=user@synthetic.invalid&upn=user@synthetic.invalid&dns=host.synthetic.invalid&dns=host.synthetic.invalid",
                    "RequestId": "102"
                },
                "provider_name": "Microsoft-Windows-Security-Auditing"
            }
        },
        {
            "ecs": {
                "version": "8.17.0"
            },
            "event": {
                "action": "certificate-request-received",
                "category": [
                    "iam"
                ],
                "code": "4886",
                "type": [
                    "info"
                ]
            },
            "host": {
                "os": {
                    "family": "windows",
                    "type": "windows"
                }
            },
            "winlog": {
                "adcs": {
                    "request": {
                        "attributes": {
                            "san": [
                                "email=user@synthetic.invalid&ip=192.0.2.1"
                            ]
                        },
                        "id": 104
                    }
                },
                "channel": "Security",
                "event_data": {
                    "Attributes": "SAN:email=user@synthetic.invalid&ip=192.0.2.1",
                    "RequestId": "104"
                },
                "provider_name": "Microsoft-Windows-Security-Auditing"
            }
        }
    ]
}
