{
    "expected": [
        {
            "@timestamp": "2024-04-23T09:16:40.645Z",
            "ecs": {
                "version": "8.11.0"
            },
            "event": {
                "action": "POLICY_OP",
                "agent_id_status": "verified",
                "code": "577",
                "created": "2024-04-23T09:30:53.311Z",
                "dataset": "microsoft_dnsserver.audit",
                "ingested": "2024-04-23T09:31:03Z",
                "kind": "event",
                "provider": "Microsoft-Windows-DNSServer"
            },
            "input": {
                "type": "winlog"
            },
            "log": {
                "level": "information"
            },
            "message": "A server level policy BlackholePolicy for Query processing  has been created on server EC2AMAZ-253CQ8C with following properties: Processing order:1; Criteria:FQDN=EQ,*.treyresearch.com; Action:Ignore; Condition:And; IsEnabled:True.",
            "microsoft_dnsserver": {
                "audit": {
                    "action": "Ignore",
                    "condition": "And",
                    "criteria": "FQDN=EQ,*.treyresearch.com",
                    "is_enabled": "True",
                    "name_server": "EC2AMAZ-253CQ8C",
                    "policy": "BlackholePolicy",
                    "processing_order": "1",
                    "type": "Query processing"
                }
            },
            "process": {
                "pid": 852,
                "thread": {
                    "id": 7708
                }
            },
            "related": {
                "user": [
                    "Administrator"
                ]
            },
            "tags": [
                "preserve_duplicate_custom_fields"
            ],
            "winlog": {
                "api": "wineventlog",
                "channel": "Microsoft-Windows-DNSServer/Audit",
                "computer_name": "EC2AMAZ-253CQ8C",
                "event_id": "577",
                "keywords": [
                    "AUDIT_POLICY"
                ],
                "opcode": "Info",
                "provider_guid": "{eb79061a-a566-4698-9119-3ed2807060e7}",
                "provider_name": "Microsoft-Windows-DNSServer",
                "record_id": "27",
                "task": "POLICY_OP",
                "user": {
                    "domain": "EC2AMAZ-253CQ8C",
                    "identifier": "S-1-5-21-2397692938-4146434421-2570431792-500",
                    "name": "Administrator",
                    "type": "User"
                }
            }
        },
        {
            "@timestamp": "2024-04-23T09:32:34.489Z",
            "ecs": {
                "version": "8.11.0"
            },
            "event": {
                "action": "Configuration",
                "agent_id_status": "verified",
                "category": [
                    "configuration"
                ],
                "code": "540",
                "created": "2024-04-23T09:32:35.960Z",
                "dataset": "microsoft_dnsserver.audit",
                "ingested": "2024-04-23T09:32:46Z",
                "kind": "event",
                "provider": "Microsoft-Windows-DNSServer"
            },
            "input": {
                "type": "winlog"
            },
            "log": {
                "level": "information"
            },
            "message": "The root hints have been modified.",
            "process": {
                "pid": 852,
                "thread": {
                    "id": 2984
                }
            },
            "related": {
                "user": [
                    "Administrator"
                ]
            },
            "tags": [
                "preserve_duplicate_custom_fields"
            ],
            "winlog": {
                "api": "wineventlog",
                "channel": "Microsoft-Windows-DNSServer/Audit",
                "computer_name": "EC2AMAZ-253CQ8C",
                "event_id": "540",
                "keywords": [
                    "AUDIT_ROOTHINTS"
                ],
                "opcode": "Info",
                "provider_guid": "{eb79061a-a566-4698-9119-3ed2807060e7}",
                "provider_name": "Microsoft-Windows-DNSServer",
                "record_id": "37",
                "task": "Configuration",
                "user": {
                    "domain": "EC2AMAZ-253CQ8C",
                    "identifier": "S-1-5-21-2397692938-4146434421-2570431792-500",
                    "name": "Administrator",
                    "type": "User"
                }
            }
        },
        {
            "@timestamp": "2024-04-23T09:32:34.487Z",
            "data_stream": {
                "dataset": "microsoft_dnsserver.audit",
                "namespace": "default",
                "type": "logs"
            },
            "dns": {
                "question": {
                    "name": "B.ROOT-SERVERS.NET.",
                    "type": "AAAA"
                }
            },
            "ecs": {
                "version": "8.11.0"
            },
            "event": {
                "action": "CACHE_OP",
                "agent_id_status": "verified",
                "code": "536",
                "created": "2024-04-23T09:32:35.959Z",
                "dataset": "microsoft_dnsserver.audit",
                "ingested": "2024-04-23T09:32:46Z",
                "kind": "event",
                "provider": "Microsoft-Windows-DNSServer"
            },
            "host": {
                "architecture": "x86_64",
                "hostname": "ec2amaz-253cq8c",
                "id": "6e134718-e196-4a81-8c7d-db595a4b6452",
                "ip": [
                    "fe80::dd4a:8121:e72b:6f21",
                    "172.31.87.64"
                ],
                "mac": [
                    "12-7E-D2-0B-F3-35"
                ],
                "name": "ec2amaz-253cq8c",
                "os": {
                    "build": "20348.2322",
                    "family": "windows",
                    "kernel": "10.0.20348.2322 (WinBuild.160101.0800)",
                    "name": "Windows Server 2022 Datacenter",
                    "platform": "windows",
                    "type": "windows",
                    "version": "10.0"
                }
            },
            "input": {
                "type": "winlog"
            },
            "log": {
                "level": "information"
            },
            "message": "A record of type 28, QNAME B.ROOT-SERVERS.NET. was purged from scope Default in cache.",
            "microsoft_dnsserver": {
                "audit": {
                    "question_name": "B.ROOT-SERVERS.NET.",
                    "question_type": "AAAA",
                    "scope": "Default"
                }
            },
            "process": {
                "pid": 852,
                "thread": {
                    "id": 2984
                }
            },
            "related": {
                "user": [
                    "Administrator"
                ]
            },
            "tags": [
                "preserve_duplicate_custom_fields"
            ],
            "winlog": {
                "api": "wineventlog",
                "channel": "Microsoft-Windows-DNSServer/Audit",
                "computer_name": "EC2AMAZ-253CQ8C",
                "event_id": "536",
                "keywords": [
                    "AUDIT_CACHE"
                ],
                "opcode": "Info",
                "provider_guid": "{eb79061a-a566-4698-9119-3ed2807060e7}",
                "provider_name": "Microsoft-Windows-DNSServer",
                "record_id": "29",
                "task": "CACHE_OP",
                "user": {
                    "domain": "EC2AMAZ-253CQ8C",
                    "identifier": "S-1-5-21-2397692938-4146434421-2570431792-500",
                    "name": "Administrator",
                    "type": "User"
                }
            }
        }
    ]
}