Oct 24 17:05:31 james-ubuntu-demo sysmon[3041]: Sysmon v1.0.0 - Monitors system events
Oct 24 17:05:31 james-ubuntu-demo sysmon[3041]: Sysinternals - www.sysinternals.com
Oct 24 17:05:31 james-ubuntu-demo sysmon[3041]: By Mark Russinovich, Thomas Garnier and Kevin Sheldrake
Oct 24 17:05:31 james-ubuntu-demo sysmon[3041]: Copyright (C) 2014-2021 Microsoft Corporation
Oct 24 17:05:31 james-ubuntu-demo sysmon[3041]: Using libxml2. libxml2 is Copyright (C) 1998-2012 Daniel Veillard. All Rights Reserved.
Oct 24 17:05:31 james-ubuntu-demo sysmon[3041]: Loading configuration file with schema version 4.70
Oct 24 17:05:31 james-ubuntu-demo sysmon[3041]: Sysmon schema version: 4.81
Oct 24 17:05:31 james-ubuntu-demo sysmon[3041]: Configuration file validated.
Oct 24 17:05:31 james-ubuntu-demo sysmon[3041]: Loading configuration file with schema version 4.70
Oct 24 17:05:31 james-ubuntu-demo sysmon[3041]: Sysmon schema version: 4.81
Oct 24 17:05:31 james-ubuntu-demo sysmon[3041]: Configuration file validated.
Oct 24 17:05:31 james-ubuntu-demo sysmon[3099]: Found Kernel version: 5.11
Oct 24 17:05:31 james-ubuntu-demo sysmon[3099]: Using EBPF object: .//sysmonEBPFkern5.6-.o
Oct 24 17:05:38 james-ubuntu-demo sysmon[3099]: Running...
Oct 24 17:05:38 james-ubuntu-demo sysmon: <Event><System><Provider Name="Linux-Sysmon" Guid="{ff032593-a8d3-4f13-b0d6-01fc615a0f97}"/><EventID>16</EventID><Version>3</Version><Level>4</Level><Task>16</Task><Opcode>0</Opcode><Keywords>0x8000000000000000</Keywords><TimeCreated SystemTime="2021-10-24T17:05:38.412320000Z"/><EventRecordID>0</EventRecordID><Correlation/><Execution ProcessID="3099" ThreadID="3099"/><Channel>Linux-Sysmon/Operational</Channel><Computer>james-ubuntu-demo</Computer><Security UserId="0"/></System><EventData><Data Name="UtcTime">2021-10-24 17:05:38.412</Data><Data Name="Configuration">log_all_sysmon.xml</Data><Data Name="ConfigurationFileHash">-</Data></EventData></Event>
Oct 24 17:05:38 james-ubuntu-demo sysmon: <Event><System><Provider Name="Linux-Sysmon" Guid="{ff032593-a8d3-4f13-b0d6-01fc615a0f97}"/><EventID>4</EventID><Version>3</Version><Level>4</Level><Task>4</Task><Opcode>0</Opcode><Keywords>0x8000000000000000</Keywords><TimeCreated SystemTime="2021-10-24T17:05:38.412656000Z"/><EventRecordID>1</EventRecordID><Correlation/><Execution ProcessID="3099" ThreadID="3099"/><Channel>Linux-Sysmon/Operational</Channel><Computer>james-ubuntu-demo</Computer><Security UserId="0"/></System><EventData><Data Name="UtcTime">2021-10-24 17:05:38.412</Data><Data Name="State">Started</Data><Data Name="Version">1.0.0</Data><Data Name="SchemaVersion">4.81</Data></EventData></Event>
Oct 24 17:05:38 james-ubuntu-demo sysmon: <Event><System><Provider Name="Linux-Sysmon" Guid="{ff032593-a8d3-4f13-b0d6-01fc615a0f97}"/><EventID>23</EventID><Version>5</Version><Level>4</Level><Task>23</Task><Opcode>0</Opcode><Keywords>0x8000000000000000</Keywords><TimeCreated SystemTime="2021-10-24T17:05:38.417702000Z"/><EventRecordID>2</EventRecordID><Correlation/><Execution ProcessID="3099" ThreadID="3099"/><Channel>Linux-Sysmon/Operational</Channel><Computer>james-ubuntu-demo</Computer><Security UserId="0"/></System><EventData><Data Name="RuleName">-</Data><Data Name="UtcTime">2021-10-24 17:05:38.419</Data><Data Name="ProcessGuid">{00000000-0000-0000-0000-000000000000}</Data><Data Name="ProcessId">3041</Data><Data Name="User">-</Data><Data Name="Image">-</Data><Data Name="TargetFilename">/dev/shm/sem.sysmon-startup</Data><Data Name="Hashes">-</Data><Data Name="IsExecutable">-</Data><Data Name="Archived">-</Data></EventData></Event>
Oct 24 17:05:38 james-ubuntu-demo sysmon: <Event><System><Provider Name="Linux-Sysmon" Guid="{ff032593-a8d3-4f13-b0d6-01fc615a0f97}"/><EventID>5</EventID><Version>3</Version><Level>4</Level><Task>5</Task><Opcode>0</Opcode><Keywords>0x8000000000000000</Keywords><TimeCreated SystemTime="2021-10-24T17:05:38.417910000Z"/><EventRecordID>3</EventRecordID><Correlation/><Execution ProcessID="3099" ThreadID="3099"/><Channel>Linux-Sysmon/Operational</Channel><Computer>james-ubuntu-demo</Computer><Security UserId="0"/></System><EventData><Data Name="RuleName">-</Data><Data Name="UtcTime">2021-10-24 17:05:38.421</Data><Data Name="ProcessGuid">{00000000-0000-0000-0000-000000000000}</Data><Data Name="ProcessId">3041</Data><Data Name="Image">&lt;unknown process&gt;</Data><Data Name="User">-</Data></EventData></Event>
Oct 24 17:05:38 james-ubuntu-demo sysmon: <Event><System><Provider Name="Linux-Sysmon" Guid="{ff032593-a8d3-4f13-b0d6-01fc615a0f97}"/><EventID>5</EventID><Version>3</Version><Level>4</Level><Task>5</Task><Opcode>0</Opcode><Keywords>0x8000000000000000</Keywords><TimeCreated SystemTime="2021-10-24T17:05:38.419503000Z"/><EventRecordID>4</EventRecordID><Correlation/><Execution ProcessID="3099" ThreadID="3099"/><Channel>Linux-Sysmon/Operational</Channel><Computer>james-ubuntu-demo</Computer><Security UserId="0"/></System><EventData><Data Name="RuleName">-</Data><Data Name="UtcTime">2021-10-24 17:05:38.423</Data><Data Name="ProcessGuid">{00000000-0000-0000-0000-000000000000}</Data><Data Name="ProcessId">3040</Data><Data Name="Image">&lt;unknown process&gt;</Data><Data Name="User">root</Data></EventData></Event>
Oct 24 17:05:38 james-ubuntu-demo sysmon: <Event><System><Provider Name="Linux-Sysmon" Guid="{ff032593-a8d3-4f13-b0d6-01fc615a0f97}"/><EventID>5</EventID><Version>3</Version><Level>4</Level><Task>5</Task><Opcode>0</Opcode><Keywords>0x8000000000000000</Keywords><TimeCreated SystemTime="2021-10-24T17:05:38.419745000Z"/><EventRecordID>5</EventRecordID><Correlation/><Execution ProcessID="3099" ThreadID="3099"/><Channel>Linux-Sysmon/Operational</Channel><Computer>james-ubuntu-demo</Computer><Security UserId="0"/></System><EventData><Data Name="RuleName">-</Data><Data Name="UtcTime">2021-10-24 17:05:38.424</Data><Data Name="ProcessGuid">{00000000-0000-0000-0000-000000000000}</Data><Data Name="ProcessId">3039</Data><Data Name="Image">&lt;unknown process&gt;</Data><Data Name="User">root</Data></EventData></Event>
Oct 24 17:05:38 james-ubuntu-demo sysmon: <Event><System><Provider Name="Linux-Sysmon" Guid="{ff032593-a8d3-4f13-b0d6-01fc615a0f97}"/><EventID>5</EventID><Version>3</Version><Level>4</Level><Task>5</Task><Opcode>0</Opcode><Keywords>0x8000000000000000</Keywords><TimeCreated SystemTime="2021-10-24T17:05:38.419984000Z"/><EventRecordID>6</EventRecordID><Correlation/><Execution ProcessID="3099" ThreadID="3099"/><Channel>Linux-Sysmon/Operational</Channel><Computer>james-ubuntu-demo</Computer><Security UserId="0"/></System><EventData><Data Name="RuleName">-</Data><Data Name="UtcTime">2021-10-24 17:05:38.424</Data><Data Name="ProcessGuid">{00000000-0000-0000-0000-000000000000}</Data><Data Name="ProcessId">2979</Data><Data Name="Image">&lt;unknown process&gt;</Data><Data Name="User">root</Data></EventData></Event>
Oct 24 17:05:46 james-ubuntu-demo sysmon: <Event><System><Provider Name="Linux-Sysmon" Guid="{ff032593-a8d3-4f13-b0d6-01fc615a0f97}"/><EventID>1</EventID><Version>5</Version><Level>4</Level><Task>1</Task><Opcode>0</Opcode><Keywords>0x8000000000000000</Keywords><TimeCreated SystemTime="2021-10-24T17:05:46.710002000Z"/><EventRecordID>7</EventRecordID><Correlation/><Execution ProcessID="3099" ThreadID="3099"/><Channel>Linux-Sysmon/Operational</Channel><Computer>james-ubuntu-demo</Computer><Security UserId="0"/></System><EventData><Data Name="RuleName">-</Data><Data Name="UtcTime">2021-10-24 16:42:56.564</Data><Data Name="ProcessGuid">{d65774de-8d10-6175-0000-000000000000}</Data><Data Name="ProcessId">3100</Data><Data Name="Image">-</Data><Data Name="FileVersion">-</Data><Data Name="Description">-</Data><Data Name="Product">-</Data><Data Name="Company">-</Data><Data Name="OriginalFileName">-</Data><Data Name="CommandLine">-</Data><Data Name="CurrentDirectory">-</Data><Data Name="User">-</Data><Data Name="LogonGuid">{d65774de-0000-0000-ffff-ffffffffffff}</Data><Data Name="LogonId">65535</Data><Data Name="TerminalSessionId">0</Data><Data Name="IntegrityLevel">no level</Data><Data Name="Hashes">-</Data><Data Name="ParentProcessGuid">{00000000-0000-0000-0000-000000000000}</Data><Data Name="ParentProcessId">0</Data><Data Name="ParentImage">-</Data><Data Name="ParentCommandLine">-</Data><Data Name="ParentUser">-</Data></EventData></Event>
Oct 24 17:05:46 james-ubuntu-demo sysmon: <Event><System><Provider Name="Linux-Sysmon" Guid="{ff032593-a8d3-4f13-b0d6-01fc615a0f97}"/><EventID>1</EventID><Version>5</Version><Level>4</Level><Task>1</Task><Opcode>0</Opcode><Keywords>0x8000000000000000</Keywords><TimeCreated SystemTime="2021-10-24T17:05:46.784483000Z"/><EventRecordID>8</EventRecordID><Correlation/><Execution ProcessID="3099" ThreadID="3099"/><Channel>Linux-Sysmon/Operational</Channel><Computer>james-ubuntu-demo</Computer><Security UserId="0"/></System><EventData><Data Name="RuleName">-</Data><Data Name="UtcTime">2021-10-24 16:42:56.564</Data><Data Name="ProcessGuid">{d65774de-8d10-6175-0000-000000000000}</Data><Data Name="ProcessId">3101</Data><Data Name="Image">-</Data><Data Name="FileVersion">-</Data><Data Name="Description">-</Data><Data Name="Product">-</Data><Data Name="Company">-</Data><Data Name="OriginalFileName">-</Data><Data Name="CommandLine">-</Data><Data Name="CurrentDirectory">-</Data><Data Name="User">-</Data><Data Name="LogonGuid">{d65774de-0000-0000-ffff-ffffffffffff}</Data><Data Name="LogonId">65535</Data><Data Name="TerminalSessionId">0</Data><Data Name="IntegrityLevel">no level</Data><Data Name="Hashes">-</Data><Data Name="ParentProcessGuid">{00000000-0000-0000-0000-000000000000}</Data><Data Name="ParentProcessId">0</Data><Data Name="ParentImage">-</Data><Data Name="ParentCommandLine">-</Data><Data Name="ParentUser">-</Data></EventData></Event>
Oct 24 17:05:46 james-ubuntu-demo sysmon: <Event><System><Provider Name="Linux-Sysmon" Guid="{ff032593-a8d3-4f13-b0d6-01fc615a0f97}"/><EventID>1</EventID><Version>5</Version><Level>4</Level><Task>1</Task><Opcode>0</Opcode><Keywords>0x8000000000000000</Keywords><TimeCreated SystemTime="2021-10-24T17:05:46.863734000Z"/><EventRecordID>9</EventRecordID><Correlation/><Execution ProcessID="3099" ThreadID="3099"/><Channel>Linux-Sysmon/Operational</Channel><Computer>james-ubuntu-demo</Computer><Security UserId="0"/></System><EventData><Data Name="RuleName">-</Data><Data Name="UtcTime">2021-10-24 16:42:56.564</Data><Data Name="ProcessGuid">{d65774de-8d10-6175-0000-000000000000}</Data><Data Name="ProcessId">3102</Data><Data Name="Image">-</Data><Data Name="FileVersion">-</Data><Data Name="Description">-</Data><Data Name="Product">-</Data><Data Name="Company">-</Data><Data Name="OriginalFileName">-</Data><Data Name="CommandLine">-</Data><Data Name="CurrentDirectory">-</Data><Data Name="User">-</Data><Data Name="LogonGuid">{d65774de-0000-0000-ffff-ffffffffffff}</Data><Data Name="LogonId">65535</Data><Data Name="TerminalSessionId">0</Data><Data Name="IntegrityLevel">no level</Data><Data Name="Hashes">-</Data><Data Name="ParentProcessGuid">{00000000-0000-0000-0000-000000000000}</Data><Data Name="ParentProcessId">0</Data><Data Name="ParentImage">-</Data><Data Name="ParentCommandLine">-</Data><Data Name="ParentUser">-</Data></EventData></Event>
Oct 24 17:05:46 james-ubuntu-demo sysmon: <Event><System><Provider Name="Linux-Sysmon" Guid="{ff032593-a8d3-4f13-b0d6-01fc615a0f97}"/><EventID>1</EventID><Version>5</Version><Level>4</Level><Task>1</Task><Opcode>0</Opcode><Keywords>0x8000000000000000</Keywords><TimeCreated SystemTime="2021-10-24T17:05:46.926504000Z"/><EventRecordID>10</EventRecordID><Correlation/><Execution ProcessID="3099" ThreadID="3099"/><Channel>Linux-Sysmon/Operational</Channel><Computer>james-ubuntu-demo</Computer><Security UserId="0"/></System><EventData><Data Name="RuleName">-</Data><Data Name="UtcTime">2021-10-24 16:42:56.564</Data><Data Name="ProcessGuid">{d65774de-8d10-6175-0000-000000000000}</Data><Data Name="ProcessId">3107</Data><Data Name="Image">-</Data><Data Name="FileVersion">-</Data><Data Name="Description">-</Data><Data Name="Product">-</Data><Data Name="Company">-</Data><Data Name="OriginalFileName">-</Data><Data Name="CommandLine">-</Data><Data Name="CurrentDirectory">-</Data><Data Name="User">-</Data><Data Name="LogonGuid">{d65774de-0000-0000-ffff-ffffffffffff}</Data><Data Name="LogonId">65535</Data><Data Name="TerminalSessionId">0</Data><Data Name="IntegrityLevel">no level</Data><Data Name="Hashes">-</Data><Data Name="ParentProcessGuid">{00000000-0000-0000-0000-000000000000}</Data><Data Name="ParentProcessId">0</Data><Data Name="ParentImage">-</Data><Data Name="ParentCommandLine">-</Data><Data Name="ParentUser">-</Data></EventData></Event>
Oct 24 17:05:46 james-ubuntu-demo sysmon: <Event><System><Provider Name="Linux-Sysmon" Guid="{ff032593-a8d3-4f13-b0d6-01fc615a0f97}"/><EventID>5</EventID><Version>3</Version><Level>4</Level><Task>5</Task><Opcode>0</Opcode><Keywords>0x8000000000000000</Keywords><TimeCreated SystemTime="2021-10-24T17:05:46.927191000Z"/><EventRecordID>11</EventRecordID><Correlation/><Execution ProcessID="3099" ThreadID="3099"/><Channel>Linux-Sysmon/Operational</Channel><Computer>james-ubuntu-demo</Computer><Security UserId="0"/></System><EventData><Data Name="RuleName">-</Data><Data Name="UtcTime">2021-10-24 17:05:46.699</Data><Data Name="ProcessGuid">{d65774de-8d10-6175-0000-000000000000}</Data><Data Name="ProcessId">3107</Data><Data Name="Image">(null)</Data><Data Name="User">root</Data></EventData></Event>
Oct 24 17:05:46 james-ubuntu-demo sysmon: <Event><System><Provider Name="Linux-Sysmon" Guid="{ff032593-a8d3-4f13-b0d6-01fc615a0f97}"/><EventID>5</EventID><Version>3</Version><Level>4</Level><Task>5</Task><Opcode>0</Opcode><Keywords>0x8000000000000000</Keywords><TimeCreated SystemTime="2021-10-24T17:05:46.927457000Z"/><EventRecordID>12</EventRecordID><Correlation/><Execution ProcessID="3099" ThreadID="3099"/><Channel>Linux-Sysmon/Operational</Channel><Computer>james-ubuntu-demo</Computer><Security UserId="0"/></System><EventData><Data Name="RuleName">-</Data><Data Name="UtcTime">2021-10-24 17:05:46.699</Data><Data Name="ProcessGuid">{00000000-0000-0000-0000-000000000000}</Data><Data Name="ProcessId">3105</Data><Data Name="Image">&lt;unknown process&gt;</Data><Data Name="User">root</Data></EventData></Event>
Oct 24 17:05:46 james-ubuntu-demo sysmon: <Event><System><Provider Name="Linux-Sysmon" Guid="{ff032593-a8d3-4f13-b0d6-01fc615a0f97}"/><EventID>5</EventID><Version>3</Version><Level>4</Level><Task>5</Task><Opcode>0</Opcode><Keywords>0x8000000000000000</Keywords><TimeCreated SystemTime="2021-10-24T17:05:46.927610000Z"/><EventRecordID>13</EventRecordID><Correlation/><Execution ProcessID="3099" ThreadID="3099"/><Channel>Linux-Sysmon/Operational</Channel><Computer>james-ubuntu-demo</Computer><Security UserId="0"/></System><EventData><Data Name="RuleName">-</Data><Data Name="UtcTime">2021-10-24 17:05:46.699</Data><Data Name="ProcessGuid">{00000000-0000-0000-0000-000000000000}</Data><Data Name="ProcessId">3104</Data><Data Name="Image">&lt;unknown process&gt;</Data><Data Name="User">root</Data></EventData></Event>
Oct 24 17:05:46 james-ubuntu-demo sysmon: <Event><System><Provider Name="Linux-Sysmon" Guid="{ff032593-a8d3-4f13-b0d6-01fc615a0f97}"/><EventID>5</EventID><Version>3</Version><Level>4</Level><Task>5</Task><Opcode>0</Opcode><Keywords>0x8000000000000000</Keywords><TimeCreated SystemTime="2021-10-24T17:05:46.927701000Z"/><EventRecordID>14</EventRecordID><Correlation/><Execution ProcessID="3099" ThreadID="3099"/><Channel>Linux-Sysmon/Operational</Channel><Computer>james-ubuntu-demo</Computer><Security UserId="0"/></System><EventData><Data Name="RuleName">-</Data><Data Name="UtcTime">2021-10-24 17:05:46.700</Data><Data Name="ProcessGuid">{d65774de-8d10-6175-0000-000000000000}</Data><Data Name="ProcessId">3101</Data><Data Name="Image">(null)</Data><Data Name="User">root</Data></EventData></Event>
Oct 24 17:05:47 james-ubuntu-demo sysmon: <Event><System><Provider Name="Linux-Sysmon" Guid="{ff032593-a8d3-4f13-b0d6-01fc615a0f97}"/><EventID>1</EventID><Version>5</Version><Level>4</Level><Task>1</Task><Opcode>0</Opcode><Keywords>0x8000000000000000</Keywords><TimeCreated SystemTime="2021-10-24T17:05:47.000669000Z"/><EventRecordID>15</EventRecordID><Correlation/><Execution ProcessID="3099" ThreadID="3099"/><Channel>Linux-Sysmon/Operational</Channel><Computer>james-ubuntu-demo</Computer><Security UserId="0"/></System><EventData><Data Name="RuleName">-</Data><Data Name="UtcTime">2021-10-24 16:42:56.564</Data><Data Name="ProcessGuid">{d65774de-8d10-6175-0000-000000000000}</Data><Data Name="ProcessId">3102</Data><Data Name="Image">-</Data><Data Name="FileVersion">-</Data><Data Name="Description">-</Data><Data Name="Product">-</Data><Data Name="Company">-</Data><Data Name="OriginalFileName">-</Data><Data Name="CommandLine">-</Data><Data Name="CurrentDirectory">-</Data><Data Name="User">-</Data><Data Name="LogonGuid">{d65774de-0000-0000-ffff-ffffffffffff}</Data><Data Name="LogonId">65535</Data><Data Name="TerminalSessionId">0</Data><Data Name="IntegrityLevel">no level</Data><Data Name="Hashes">-</Data><Data Name="ParentProcessGuid">{00000000-0000-0000-0000-000000000000}</Data><Data Name="ParentProcessId">0</Data><Data Name="ParentImage">-</Data><Data Name="ParentCommandLine">-</Data><Data Name="ParentUser">-</Data></EventData></Event>
Oct 24 17:05:47 james-ubuntu-demo sysmon: <Event><System><Provider Name="Linux-Sysmon" Guid="{ff032593-a8d3-4f13-b0d6-01fc615a0f97}"/><EventID>1</EventID><Version>5</Version><Level>4</Level><Task>1</Task><Opcode>0</Opcode><Keywords>0x8000000000000000</Keywords><TimeCreated SystemTime="2021-10-24T17:05:47.060587000Z"/><EventRecordID>16</EventRecordID><Correlation/><Execution ProcessID="3099" ThreadID="3099"/><Channel>Linux-Sysmon/Operational</Channel><Computer>james-ubuntu-demo</Computer><Security UserId="0"/></System><EventData><Data Name="RuleName">-</Data><Data Name="UtcTime">2021-10-24 16:42:56.564</Data><Data Name="ProcessGuid">{d65774de-8d10-6175-0000-000000000000}</Data><Data Name="ProcessId">3103</Data><Data Name="Image">-</Data><Data Name="FileVersion">-</Data><Data Name="Description">-</Data><Data Name="Product">-</Data><Data Name="Company">-</Data><Data Name="OriginalFileName">-</Data><Data Name="CommandLine">-</Data><Data Name="CurrentDirectory">-</Data><Data Name="User">-</Data><Data Name="LogonGuid">{d65774de-0000-0000-ffff-ffffffffffff}</Data><Data Name="LogonId">65535</Data><Data Name="TerminalSessionId">0</Data><Data Name="IntegrityLevel">no level</Data><Data Name="Hashes">-</Data><Data Name="ParentProcessGuid">{00000000-0000-0000-0000-000000000000}</Data><Data Name="ParentProcessId">0</Data><Data Name="ParentImage">-</Data><Data Name="ParentCommandLine">-</Data><Data Name="ParentUser">-</Data></EventData></Event>
Oct 24 17:05:47 james-ubuntu-demo sysmon: <Event><System><Provider Name="Linux-Sysmon" Guid="{ff032593-a8d3-4f13-b0d6-01fc615a0f97}"/><EventID>5</EventID><Version>3</Version><Level>4</Level><Task>5</Task><Opcode>0</Opcode><Keywords>0x8000000000000000</Keywords><TimeCreated SystemTime="2021-10-24T17:05:47.061843000Z"/><EventRecordID>17</EventRecordID><Correlation/><Execution ProcessID="3099" ThreadID="3099"/><Channel>Linux-Sysmon/Operational</Channel><Computer>james-ubuntu-demo</Computer><Security UserId="0"/></System><EventData><Data Name="RuleName">-</Data><Data Name="UtcTime">2021-10-24 17:05:46.690</Data><Data Name="ProcessGuid">{d65774de-8d10-6175-0000-000000000000}</Data><Data Name="ProcessId">3103</Data><Data Name="Image">(null)</Data><Data Name="User">root</Data></EventData></Event>
Oct 24 17:05:47 james-ubuntu-demo sysmon: <Event><System><Provider Name="Linux-Sysmon" Guid="{ff032593-a8d3-4f13-b0d6-01fc615a0f97}"/><EventID>5</EventID><Version>3</Version><Level>4</Level><Task>5</Task><Opcode>0</Opcode><Keywords>0x8000000000000000</Keywords><TimeCreated SystemTime="2021-10-24T17:05:47.062110000Z"/><EventRecordID>18</EventRecordID><Correlation/><Execution ProcessID="3099" ThreadID="3099"/><Channel>Linux-Sysmon/Operational</Channel><Computer>james-ubuntu-demo</Computer><Security UserId="0"/></System><EventData><Data Name="RuleName">-</Data><Data Name="UtcTime">2021-10-24 17:05:46.692</Data><Data Name="ProcessGuid">{00000000-0000-0000-0000-000000000000}</Data><Data Name="ProcessId">3106</Data><Data Name="Image">&lt;unknown process&gt;</Data><Data Name="User">root</Data></EventData></Event>
Oct 24 17:05:47 james-ubuntu-demo sysmon: <Event><System><Provider Name="Linux-Sysmon" Guid="{ff032593-a8d3-4f13-b0d6-01fc615a0f97}"/><EventID>5</EventID><Version>3</Version><Level>4</Level><Task>5</Task><Opcode>0</Opcode><Keywords>0x8000000000000000</Keywords><TimeCreated SystemTime="2021-10-24T17:05:47.062177000Z"/><EventRecordID>19</EventRecordID><Correlation/><Execution ProcessID="3099" ThreadID="3099"/><Channel>Linux-Sysmon/Operational</Channel><Computer>james-ubuntu-demo</Computer><Security UserId="0"/></System><EventData><Data Name="RuleName">-</Data><Data Name="UtcTime">2021-10-24 17:05:46.700</Data><Data Name="ProcessGuid">{d65774de-8d10-6175-0000-000000000000}</Data><Data Name="ProcessId">3102</Data><Data Name="Image">(null)</Data><Data Name="User">-</Data></EventData></Event>
Oct 24 17:05:47 james-ubuntu-demo sysmon: <Event><System><Provider Name="Linux-Sysmon" Guid="{ff032593-a8d3-4f13-b0d6-01fc615a0f97}"/><EventID>3</EventID><Version>5</Version><Level>4</Level><Task>3</Task><Opcode>0</Opcode><Keywords>0x8000000000000000</Keywords><TimeCreated SystemTime="2021-10-24T17:05:47.088523000Z"/><EventRecordID>20</EventRecordID><Correlation/><Execution ProcessID="3099" ThreadID="3099"/><Channel>Linux-Sysmon/Operational</Channel><Computer>james-ubuntu-demo</Computer><Security UserId="0"/></System><EventData><Data Name="RuleName">-</Data><Data Name="UtcTime">2021-10-24 17:05:46.792</Data><Data Name="ProcessGuid">{d65774de-8d17-6175-92f0-043290550000}</Data><Data Name="ProcessId">419</Data><Data Name="Image">/opt/Elastic/Endpoint/elastic-endpoint</Data><Data Name="User">-</Data><Data Name="Protocol">tcp</Data><Data Name="Initiated">true</Data><Data Name="SourceIsIpv6">false</Data><Data Name="SourceIp">10.132.15.213</Data><Data Name="SourceHostname">-</Data><Data Name="SourcePort">56306</Data><Data Name="SourcePortName">-</Data><Data Name="DestinationIsIpv6">false</Data><Data Name="DestinationIp">169.254.169.254</Data><Data Name="DestinationHostname">-</Data><Data Name="DestinationPort">80</Data><Data Name="DestinationPortName">-</Data></EventData></Event>
Oct 24 17:05:47 james-ubuntu-demo sysmon: <Event><System><Provider Name="Linux-Sysmon" Guid="{ff032593-a8d3-4f13-b0d6-01fc615a0f97}"/><EventID>3</EventID><Version>5</Version><Level>4</Level><Task>3</Task><Opcode>0</Opcode><Keywords>0x8000000000000000</Keywords><TimeCreated SystemTime="2021-10-24T17:05:47.089012000Z"/><EventRecordID>21</EventRecordID><Correlation/><Execution ProcessID="3099" ThreadID="3099"/><Channel>Linux-Sysmon/Operational</Channel><Computer>james-ubuntu-demo</Computer><Security UserId="0"/></System><EventData><Data Name="RuleName">-</Data><Data Name="UtcTime">2021-10-24 17:05:46.834</Data><Data Name="ProcessGuid">{d65774de-8d17-6175-92f0-043290550000}</Data><Data Name="ProcessId">419</Data><Data Name="Image">/opt/Elastic/Endpoint/elastic-endpoint</Data><Data Name="User">root</Data><Data Name="Protocol">tcp</Data><Data Name="Initiated">true</Data><Data Name="SourceIsIpv6">false</Data><Data Name="SourceIp">10.132.15.213</Data><Data Name="SourceHostname">-</Data><Data Name="SourcePort">56308</Data><Data Name="SourcePortName">-</Data><Data Name="DestinationIsIpv6">false</Data><Data Name="DestinationIp">169.254.169.254</Data><Data Name="DestinationHostname">-</Data><Data Name="DestinationPort">80</Data><Data Name="DestinationPortName">-</Data></EventData></Event>
Oct 24 17:05:48 james-ubuntu-demo sysmon: <Event><System><Provider Name="Linux-Sysmon" Guid="{ff032593-a8d3-4f13-b0d6-01fc615a0f97}"/><EventID>5</EventID><Version>3</Version><Level>4</Level><Task>5</Task><Opcode>0</Opcode><Keywords>0x8000000000000000</Keywords><TimeCreated SystemTime="2021-10-24T17:05:48.296047000Z"/><EventRecordID>22</EventRecordID><Correlation/><Execution ProcessID="3099" ThreadID="3099"/><Channel>Linux-Sysmon/Operational</Channel><Computer>james-ubuntu-demo</Computer><Security UserId="0"/></System><EventData><Data Name="RuleName">-</Data><Data Name="UtcTime">2021-10-24 17:05:48.302</Data><Data Name="ProcessGuid">{d65774de-8d10-6175-0000-000000000000}</Data><Data Name="ProcessId">3100</Data><Data Name="Image">(null)</Data><Data Name="User">root</Data></EventData></Event>
Oct 24 17:06:13 james-ubuntu-demo sysmon: <Event><System><Provider Name="Linux-Sysmon" Guid="{ff032593-a8d3-4f13-b0d6-01fc615a0f97}"/><EventID>3</EventID><Version>5</Version><Level>4</Level><Task>3</Task><Opcode>0</Opcode><Keywords>0x8000000000000000</Keywords><TimeCreated SystemTime="2021-10-24T17:06:13.949006000Z"/><EventRecordID>23</EventRecordID><Correlation/><Execution ProcessID="3099" ThreadID="3099"/><Channel>Linux-Sysmon/Operational</Channel><Computer>james-ubuntu-demo</Computer><Security UserId="0"/></System><EventData><Data Name="RuleName">-</Data><Data Name="UtcTime">2021-10-24 17:06:13.926</Data><Data Name="ProcessGuid">{d65774de-8d17-6175-4462-3c29bb550000}</Data><Data Name="ProcessId">434</Data><Data Name="Image">/opt/Elastic/Agent/data/elastic-agent-5ae799/elastic-agent</Data><Data Name="User">-</Data><Data Name="Protocol">tcp</Data><Data Name="Initiated">true</Data><Data Name="SourceIsIpv6">false</Data><Data Name="SourceIp">10.132.15.213</Data><Data Name="SourceHostname">-</Data><Data Name="SourcePort">54392</Data><Data Name="SourcePortName">-</Data><Data Name="DestinationIsIpv6">false</Data><Data Name="DestinationIp">34.120.127.130</Data><Data Name="DestinationHostname">-</Data><Data Name="DestinationPort">443</Data><Data Name="DestinationPortName">-</Data></EventData></Event>
Oct 24 17:06:14 james-ubuntu-demo sysmon: <Event><System><Provider Name="Linux-Sysmon" Guid="{ff032593-a8d3-4f13-b0d6-01fc615a0f97}"/><EventID>5</EventID><Version>3</Version><Level>4</Level><Task>5</Task><Opcode>0</Opcode><Keywords>0x8000000000000000</Keywords><TimeCreated SystemTime="2021-10-24T17:06:14.193751000Z"/><EventRecordID>24</EventRecordID><Correlation/><Execution ProcessID="3099" ThreadID="3099"/><Channel>Linux-Sysmon/Operational</Channel><Computer>james-ubuntu-demo</Computer><Security UserId="0"/></System><EventData><Data Name="RuleName">-</Data><Data Name="UtcTime">2021-10-24 17:06:14.200</Data><Data Name="ProcessGuid">{d65774de-8d1e-6175-0000-000000000000}</Data><Data Name="ProcessId">783</Data><Data Name="Image">/opt/Elastic/Agent/data/elastic-agent-5ae799/install/osquerybeat-7.15.1-linux-x86_64/osqueryd</Data><Data Name="User">root</Data></EventData></Event>
Oct 24 17:06:14 james-ubuntu-demo sysmon: <Event><System><Provider Name="Linux-Sysmon" Guid="{ff032593-a8d3-4f13-b0d6-01fc615a0f97}"/><EventID>5</EventID><Version>3</Version><Level>4</Level><Task>5</Task><Opcode>0</Opcode><Keywords>0x8000000000000000</Keywords><TimeCreated SystemTime="2021-10-24T17:06:14.194012000Z"/><EventRecordID>25</EventRecordID><Correlation/><Execution ProcessID="3099" ThreadID="3099"/><Channel>Linux-Sysmon/Operational</Channel><Computer>james-ubuntu-demo</Computer><Security UserId="0"/></System><EventData><Data Name="RuleName">-</Data><Data Name="UtcTime">2021-10-24 17:06:14.200</Data><Data Name="ProcessGuid">{d65774de-8d1e-6175-00c7-d6c654560000}</Data><Data Name="ProcessId">785</Data><Data Name="Image">/opt/Elastic/Agent/data/elastic-agent-5ae799/install/osquerybeat-7.15.1-linux-x86_64/osquery-extension.ext</Data><Data Name="User">root</Data></EventData></Event>
Oct 24 17:06:14 james-ubuntu-demo sysmon: <Event><System><Provider Name="Linux-Sysmon" Guid="{ff032593-a8d3-4f13-b0d6-01fc615a0f97}"/><EventID>5</EventID><Version>3</Version><Level>4</Level><Task>5</Task><Opcode>0</Opcode><Keywords>0x8000000000000000</Keywords><TimeCreated SystemTime="2021-10-24T17:06:14.194117000Z"/><EventRecordID>26</EventRecordID><Correlation/><Execution ProcessID="3099" ThreadID="3099"/><Channel>Linux-Sysmon/Operational</Channel><Computer>james-ubuntu-demo</Computer><Security UserId="0"/></System><EventData><Data Name="RuleName">-</Data><Data Name="UtcTime">2021-10-24 17:06:14.200</Data><Data Name="ProcessGuid">{d65774de-8d1e-6175-00c7-d6c654560000}</Data><Data Name="ProcessId">785</Data><Data Name="Image">/opt/Elastic/Agent/data/elastic-agent-5ae799/install/osquerybeat-7.15.1-linux-x86_64/osquery-extension.ext</Data><Data Name="User">root</Data></EventData></Event>
Oct 24 17:06:14 james-ubuntu-demo sysmon: <Event><System><Provider Name="Linux-Sysmon" Guid="{ff032593-a8d3-4f13-b0d6-01fc615a0f97}"/><EventID>5</EventID><Version>3</Version><Level>4</Level><Task>5</Task><Opcode>0</Opcode><Keywords>0x8000000000000000</Keywords><TimeCreated SystemTime="2021-10-24T17:06:14.194202000Z"/><EventRecordID>27</EventRecordID><Correlation/><Execution ProcessID="3099" ThreadID="3099"/><Channel>Linux-Sysmon/Operational</Channel><Computer>james-ubuntu-demo</Computer><Security UserId="0"/></System><EventData><Data Name="RuleName">-</Data><Data Name="UtcTime">2021-10-24 17:06:14.200</Data><Data Name="ProcessGuid">{d65774de-8d1e-6175-0000-000000000000}</Data><Data Name="ProcessId">783</Data><Data Name="Image">/opt/Elastic/Agent/data/elastic-agent-5ae799/install/osquerybeat-7.15.1-linux-x86_64/osqueryd</Data><Data Name="User">root</Data></EventData></Event>
Oct 24 17:06:14 james-ubuntu-demo sysmon: <Event><System><Provider Name="Linux-Sysmon" Guid="{ff032593-a8d3-4f13-b0d6-01fc615a0f97}"/><EventID>5</EventID><Version>3</Version><Level>4</Level><Task>5</Task><Opcode>0</Opcode><Keywords>0x8000000000000000</Keywords><TimeCreated SystemTime="2021-10-24T17:06:14.194278000Z"/><EventRecordID>28</EventRecordID><Correlation/><Execution ProcessID="3099" ThreadID="3099"/><Channel>Linux-Sysmon/Operational</Channel><Computer>james-ubuntu-demo</Computer><Security UserId="0"/></System><EventData><Data Name="RuleName">-</Data><Data Name="UtcTime">2021-10-24 17:06:14.200</Data><Data Name="ProcessGuid">{d65774de-8d1e-6175-0000-000000000000}</Data><Data Name="ProcessId">783</Data><Data Name="Image">/opt/Elastic/Agent/data/elastic-agent-5ae799/install/osquerybeat-7.15.1-linux-x86_64/osqueryd</Data><Data Name="User">root</Data></EventData></Event>
Oct 24 17:06:14 james-ubuntu-demo sysmon: <Event><System><Provider Name="Linux-Sysmon" Guid="{ff032593-a8d3-4f13-b0d6-01fc615a0f97}"/><EventID>5</EventID><Version>3</Version><Level>4</Level><Task>5</Task><Opcode>0</Opcode><Keywords>0x8000000000000000</Keywords><TimeCreated SystemTime="2021-10-24T17:06:14.194357000Z"/><EventRecordID>29</EventRecordID><Correlation/><Execution ProcessID="3099" ThreadID="3099"/><Channel>Linux-Sysmon/Operational</Channel><Computer>james-ubuntu-demo</Computer><Security UserId="0"/></System><EventData><Data Name="RuleName">-</Data><Data Name="UtcTime">2021-10-24 17:06:14.200</Data><Data Name="ProcessGuid">{d65774de-8d1e-6175-0000-000000000000}</Data><Data Name="ProcessId">783</Data><Data Name="Image">/opt/Elastic/Agent/data/elastic-agent-5ae799/install/osquerybeat-7.15.1-linux-x86_64/osqueryd</Data><Data Name="User">root</Data></EventData></Event>
Oct 24 17:06:14 james-ubuntu-demo sysmon: <Event><System><Provider Name="Linux-Sysmon" Guid="{ff032593-a8d3-4f13-b0d6-01fc615a0f97}"/><EventID>5</EventID><Version>3</Version><Level>4</Level><Task>5</Task><Opcode>0</Opcode><Keywords>0x8000000000000000</Keywords><TimeCreated SystemTime="2021-10-24T17:06:14.194427000Z"/><EventRecordID>30</EventRecordID><Correlation/><Execution ProcessID="3099" ThreadID="3099"/><Channel>Linux-Sysmon/Operational</Channel><Computer>james-ubuntu-demo</Computer><Security UserId="0"/></System><EventData><Data Name="RuleName">-</Data><Data Name="UtcTime">2021-10-24 17:06:14.200</Data><Data Name="ProcessGuid">{d65774de-8d1e-6175-0000-000000000000}</Data><Data Name="ProcessId">783</Data><Data Name="Image">/opt/Elastic/Agent/data/elastic-agent-5ae799/install/osquerybeat-7.15.1-linux-x86_64/osqueryd</Data><Data Name="User">root</Data></EventData></Event>
Oct 24 17:06:14 james-ubuntu-demo sysmon: <Event><System><Provider Name="Linux-Sysmon" Guid="{ff032593-a8d3-4f13-b0d6-01fc615a0f97}"/><EventID>5</EventID><Version>3</Version><Level>4</Level><Task>5</Task><Opcode>0</Opcode><Keywords>0x8000000000000000</Keywords><TimeCreated SystemTime="2021-10-24T17:06:14.194519000Z"/><EventRecordID>31</EventRecordID><Correlation/><Execution ProcessID="3099" ThreadID="3099"/><Channel>Linux-Sysmon/Operational</Channel><Computer>james-ubuntu-demo</Computer><Security UserId="0"/></System><EventData><Data Name="RuleName">-</Data><Data Name="UtcTime">2021-10-24 17:06:14.200</Data><Data Name="ProcessGuid">{d65774de-8d1e-6175-0000-000000000000}</Data><Data Name="ProcessId">783</Data><Data Name="Image">/opt/Elastic/Agent/data/elastic-agent-5ae799/install/osquerybeat-7.15.1-linux-x86_64/osqueryd</Data><Data Name="User">root</Data></EventData></Event>
Oct 24 17:06:14 james-ubuntu-demo sysmon: <Event><System><Provider Name="Linux-Sysmon" Guid="{ff032593-a8d3-4f13-b0d6-01fc615a0f97}"/><EventID>5</EventID><Version>3</Version><Level>4</Level><Task>5</Task><Opcode>0</Opcode><Keywords>0x8000000000000000</Keywords><TimeCreated SystemTime="2021-10-24T17:06:14.194595000Z"/><EventRecordID>32</EventRecordID><Correlation/><Execution ProcessID="3099" ThreadID="3099"/><Channel>Linux-Sysmon/Operational</Channel><Computer>james-ubuntu-demo</Computer><Security UserId="0"/></System><EventData><Data Name="RuleName">-</Data><Data Name="UtcTime">2021-10-24 17:06:14.200</Data><Data Name="ProcessGuid">{d65774de-8d1e-6175-0000-000000000000}</Data><Data Name="ProcessId">783</Data><Data Name="Image">/opt/Elastic/Agent/data/elastic-agent-5ae799/install/osquerybeat-7.15.1-linux-x86_64/osqueryd</Data><Data Name="User">root</Data></EventData></Event>
Oct 24 17:06:14 james-ubuntu-demo sysmon: <Event><System><Provider Name="Linux-Sysmon" Guid="{ff032593-a8d3-4f13-b0d6-01fc615a0f97}"/><EventID>5</EventID><Version>3</Version><Level>4</Level><Task>5</Task><Opcode>0</Opcode><Keywords>0x8000000000000000</Keywords><TimeCreated SystemTime="2021-10-24T17:06:14.194671000Z"/><EventRecordID>33</EventRecordID><Correlation/><Execution ProcessID="3099" ThreadID="3099"/><Channel>Linux-Sysmon/Operational</Channel><Computer>james-ubuntu-demo</Computer><Security UserId="0"/></System><EventData><Data Name="RuleName">-</Data><Data Name="UtcTime">2021-10-24 17:06:14.200</Data><Data Name="ProcessGuid">{d65774de-8d1e-6175-00c7-d6c654560000}</Data><Data Name="ProcessId">785</Data><Data Name="Image">/opt/Elastic/Agent/data/elastic-agent-5ae799/install/osquerybeat-7.15.1-linux-x86_64/osquery-extension.ext</Data><Data Name="User">root</Data></EventData></Event>
Oct 24 17:06:14 james-ubuntu-demo sysmon: <Event><System><Provider Name="Linux-Sysmon" Guid="{ff032593-a8d3-4f13-b0d6-01fc615a0f97}"/><EventID>5</EventID><Version>3</Version><Level>4</Level><Task>5</Task><Opcode>0</Opcode><Keywords>0x8000000000000000</Keywords><TimeCreated SystemTime="2021-10-24T17:06:14.194748000Z"/><EventRecordID>34</EventRecordID><Correlation/><Execution ProcessID="3099" ThreadID="3099"/><Channel>Linux-Sysmon/Operational</Channel><Computer>james-ubuntu-demo</Computer><Security UserId="0"/></System><EventData><Data Name="RuleName">-</Data><Data Name="UtcTime">2021-10-24 17:06:14.200</Data><Data Name="ProcessGuid">{d65774de-8d1e-6175-0000-000000000000}</Data><Data Name="ProcessId">783</Data><Data Name="Image">/opt/Elastic/Agent/data/elastic-agent-5ae799/install/osquerybeat-7.15.1-linux-x86_64/osqueryd</Data><Data Name="User">root</Data></EventData></Event>
Oct 24 17:06:14 james-ubuntu-demo sysmon: <Event><System><Provider Name="Linux-Sysmon" Guid="{ff032593-a8d3-4f13-b0d6-01fc615a0f97}"/><EventID>5</EventID><Version>3</Version><Level>4</Level><Task>5</Task><Opcode>0</Opcode><Keywords>0x8000000000000000</Keywords><TimeCreated SystemTime="2021-10-24T17:06:14.194833000Z"/><EventRecordID>35</EventRecordID><Correlation/><Execution ProcessID="3099" ThreadID="3099"/><Channel>Linux-Sysmon/Operational</Channel><Computer>james-ubuntu-demo</Computer><Security UserId="0"/></System><EventData><Data Name="RuleName">-</Data><Data Name="UtcTime">2021-10-24 17:06:14.200</Data><Data Name="ProcessGuid">{d65774de-8d1e-6175-00c7-d6c654560000}</Data><Data Name="ProcessId">785</Data><Data Name="Image">/opt/Elastic/Agent/data/elastic-agent-5ae799/install/osquerybeat-7.15.1-linux-x86_64/osquery-extension.ext</Data><Data Name="User">root</Data></EventData></Event>
