        {
            "@timestamp": "2018-03-22T20:32:22.332Z",
            "ecs": {
                "version": "8.17.0"
            },
            "event": {
                "action": "RawAccessRead",
                "category": [
                    "process"
                ],
                "code": "9",
                "created": "2018-03-22T20:32:22.333Z",
                "kind": "event",
                "original": "<Event xmlns=\"http://schemas.microsoft.com/win/2004/08/events/event\"><System><Provider Name=\"Microsoft-Windows-Sysmon\" Guid=\"{5770385F-C22A-43E0-BF4C-06F5698FFBD9}\" /><EventID>9</EventID><Version>2</Version><Level>4</Level><Task>9</Task><Opcode>0</Opcode><Keywords>0x8000000000000000</Keywords><TimeCreated SystemTime=\"2018-03-22T20:32:22.333778700Z\" /><EventRecordID>1944686</EventRecordID><Correlation /><Execution ProcessID=\"19572\" ThreadID=\"21888\" /><Channel>Microsoft-Windows-Sysmon/Operational</Channel><Computer>rfsH.lab.local</Computer><Security UserID=\"S-1-5-18\" /></System><EventData><Data Name=\"UtcTime\">2018-03-22 20:32:22.332</Data><Data Name=\"ProcessGuid\">{A23EAE89-C65F-5AB2-0000-0010EB030000}</Data><Data Name=\"ProcessId\">4</Data><Data Name=\"Image\">System</Data><Data Name=\"Device\">\\Device\\HarddiskVolume2</Data></EventData></Event>",
                "provider": "Microsoft-Windows-Sysmon",
                "type": [
                    "access"
                ]
            },
            "file": {
                "directory": "\\Device",
                "name": "HarddiskVolume2",
                "path": "\\Device\\HarddiskVolume2"
            },
            "host": {
                "name": "rfsH.lab.local"
            },
            "log": {
                "level": "information"
            },
            "process": {
                "entity_id": "{A23EAE89-C65F-5AB2-0000-0010EB030000}",
                "executable": "System",
                "pid": 4
            },
            "user": {
                "id": "S-1-5-18"
            },
            "winlog": {
                "channel": "Microsoft-Windows-Sysmon/Operational",
                "computer_name": "rfsH.lab.local",
                "event_id": "9",
                "opcode": "Info",
                "process": {
                    "pid": 19572,
                    "thread": {
                        "id": 21888
                    }
                },
                "provider_guid": "{5770385F-C22A-43E0-BF4C-06F5698FFBD9}",
                "provider_name": "Microsoft-Windows-Sysmon",
                "record_id": "1944686",
                "user": {
                    "identifier": "S-1-5-18"
                },
                "version": 2
            }
        },
        {
            "@timestamp": "2018-04-11T16:26:16.327Z",
            "ecs": {
                "version": "8.17.0"
            },
            "event": {
                "action": "WmiEvent (WmiEventFilter activity detected)",
                "category": [
                    "process"
                ],
                "code": "19",
                "created": "2018-04-11T16:26:16.327Z",
                "kind": "event",
                "original": "<Event xmlns=\"http://schemas.microsoft.com/win/2004/08/events/event\"><System><Provider Name=\"Microsoft-Windows-Sysmon\" Guid=\"{5770385F-C22A-43E0-BF4C-06F5698FFBD9}\" /><EventID>19</EventID><Version>3</Version><Level>4</Level><Task>19</Task><Opcode>0</Opcode><Keywords>0x8000000000000000</Keywords><TimeCreated SystemTime=\"2018-04-11T16:26:16.327698700Z\" /><EventRecordID>63551</EventRecordID><Correlation /><Execution ProcessID=\"7620\" ThreadID=\"21880\" /><Channel>Microsoft-Windows-Sysmon/Operational</Channel><Computer>rfsh.lab.local</Computer><Security UserID=\"S-1-5-18\" /></System><EventData><Data Name=\"EventType\">WmiFilterEvent</Data><Data Name=\"UtcTime\">2018-04-11 16:26:16.327</Data><Data Name=\"Operation\">Created</Data><Data Name=\"User\">LAB\\rsmith</Data><Data Name=\"EventNamespace\"> \"root\\\\cimv2\"</Data><Data Name=\"Name\"> \"BotFilter82\"</Data><Data Name=\"Query\"> \"SELECT * FROM __InstanceModificationEvent WITHIN 60 WHERE TargetInstance ISA 'Win32_PerfFormattedData_PerfOS_System' AND TargetInstance.SystemUpTime &gt;= 200 AND TargetInstance.SystemUpTime &lt; 320\"</Data></EventData></Event>",
                "provider": "Microsoft-Windows-Sysmon",
                "type": [
                    "info"
                ]
            },
            "host": {
                "name": "rfsh.lab.local"
            },
            "log": {
                "level": "information"
            },
            "related": {
                "user": [
                    "rsmith"
                ]
            },
            "user": {
                "domain": "LAB",
                "id": "S-1-5-18",
                "name": "rsmith"
            },
            "winlog": {
                "channel": "Microsoft-Windows-Sysmon/Operational",
                "computer_name": "rfsh.lab.local",
                "event_data": {
                    "EventNamespace": " \"root\\\\cimv2\"",
                    "EventType": "WmiFilterEvent",
                    "Name": " \"BotFilter82\"",
                    "Operation": "Created",
                    "Query": " \"SELECT * FROM __InstanceModificationEvent WITHIN 60 WHERE TargetInstance ISA 'Win32_PerfFormattedData_PerfOS_System' AND TargetInstance.SystemUpTime >= 200 AND TargetInstance.SystemUpTime < 320\""
                },
                "event_id": "19",
                "opcode": "Info",
                "process": {
                    "pid": 7620,
                    "thread": {
                        "id": 21880
                    }
                },
                "provider_guid": "{5770385F-C22A-43E0-BF4C-06F5698FFBD9}",
                "provider_name": "Microsoft-Windows-Sysmon",
                "record_id": "63551",
                "user": {
                    "identifier": "S-1-5-18"
                },
                "version": 3
            }
        },
        {
            "@timestamp": "2018-04-11T16:26:16.360Z",
            "ecs": {
                "version": "8.17.0"
            },
            "event": {
                "action": "WmiEvent (WmiEventConsumer activity detected)",
                "category": [
                    "process"
                ],
                "code": "20",
                "created": "2018-04-11T16:26:16.360Z",
                "kind": "event",
                "original": "<Event xmlns=\"http://schemas.microsoft.com/win/2004/08/events/event\"><System><Provider Name=\"Microsoft-Windows-Sysmon\" Guid=\"{5770385F-C22A-43E0-BF4C-06F5698FFBD9}\" /><EventID>20</EventID><Version>3</Version><Level>4</Level><Task>20</Task><Opcode>0</Opcode><Keywords>0x8000000000000000</Keywords><TimeCreated SystemTime=\"2018-04-11T16:26:16.360473200Z\" /><EventRecordID>63557</EventRecordID><Correlation /><Execution ProcessID=\"7620\" ThreadID=\"21880\" /><Channel>Microsoft-Windows-Sysmon/Operational</Channel><Computer>rfsh.lab.local</Computer><Security UserID=\"S-1-5-18\" /></System><EventData><Data Name=\"EventType\">WmiConsumerEvent</Data><Data Name=\"UtcTime\">2018-04-11 16:26:16.360</Data><Data Name=\"Operation\">Created</Data><Data Name=\"User\">LAB\\rsmith</Data><Data Name=\"Name\"> \"BotConsumer23\"</Data><Data Name=\"Type\">Command Line</Data><Data Name=\"Destination\"> \"C:\\\\Windows\\\\System32\\\\evil.exe\"</Data></EventData></Event>",
                "provider": "Microsoft-Windows-Sysmon",
                "type": [
                    "change"
                ]
            },
            "host": {
                "name": "rfsh.lab.local"
            },
            "log": {
                "level": "information"
            },
            "process": {
                "executable": " \"C:\\\\Windows\\\\System32\\\\evil.exe\"",
                "name": "evil.exe\""
            },
            "related": {
                "user": [
                    "rsmith"
                ]
            },
            "user": {
                "domain": "LAB",
                "id": "S-1-5-18",
                "name": "rsmith"
            },
            "winlog": {
                "channel": "Microsoft-Windows-Sysmon/Operational",
                "computer_name": "rfsh.lab.local",
                "event_data": {
                    "EventType": "WmiConsumerEvent",
                    "Name": " \"BotConsumer23\"",
                    "Operation": "Created",
                    "Type": "Command Line"
                },
                "event_id": "20",
                "opcode": "Info",
                "process": {
                    "pid": 7620,
                    "thread": {
                        "id": 21880
                    }
                },
                "provider_guid": "{5770385F-C22A-43E0-BF4C-06F5698FFBD9}",
                "provider_name": "Microsoft-Windows-Sysmon",
                "record_id": "63557",
                "user": {
                    "identifier": "S-1-5-18"
                },
                "version": 3
            }
        },
        {
            "@timestamp": "2023-03-10T17:41:38.273Z",
            "ecs": {
                "version": "8.17.0"
            },
            "error": {
                "code": "DriverCommunication"
            },
            "event": {
                "action": "Error",
                "category": [
                    "process"
                ],
                "code": "255",
                "created": "2015-01-21T17:00:44.001Z",
                "kind": "event",
                "original": "<Event xmlns=\"http://schemas.microsoft.com/win/2004/08/events/event\"><System><Provider Name=\"Microsoft-Windows-Sysmon\" Guid=\"{5770385F-C22A-43E0-BF4C-06F5698FFBD9}\" /><EventID>255</EventID><Version>1</Version><Level>2</Level><Task>255</Task><Opcode>0</Opcode><Keywords>0x8000000000000000</Keywords><TimeCreated SystemTime=\"2015-01-21T17:00:44.001453300Z\" /><EventRecordID>278772</EventRecordID><Correlation /><Execution ProcessID=\"1112\" ThreadID=\"1332\" /><Channel>Microsoft-Windows-Sysmon/Operational</Channel><Computer>WIN-RKSC06DQ86F</Computer><Security UserID=\"S-1-5-18\" /></System><EventData><Data Name=\"ID\">DriverCommunication</Data><Data Name=\"Description\">Failed to retrieve events (Last error: Insufficient system resources exist to complete the requested service.).</Data></EventData></Event>",
                "outcome": [
                    "failure"
                ],
                "provider": "Microsoft-Windows-Sysmon"
            },
            "host": {
                "name": "WIN-RKSC06DQ86F"
            },
            "log": {
                "level": "error"
            },
            "process": {
                "pe": {
                    "description": "Failed to retrieve events (Last error: Insufficient system resources exist to complete the requested service.)."
                }
            },
            "user": {
                "id": "S-1-5-18"
            },
            "winlog": {
                "channel": "Microsoft-Windows-Sysmon/Operational",
                "computer_name": "WIN-RKSC06DQ86F",
                "event_data": {
                    "Description": "Failed to retrieve events (Last error: Insufficient system resources exist to complete the requested service.)."
                },
                "event_id": "255",
                "opcode": "Info",
                "process": {
                    "pid": 1112,
                    "thread": {
                        "id": 1332
                    }
                },
                "provider_guid": "{5770385F-C22A-43E0-BF4C-06F5698FFBD9}",
                "provider_name": "Microsoft-Windows-Sysmon",
                "record_id": "278772",
                "user": {
                    "identifier": "S-1-5-18"
                },
                "version": 1
            }
        },
        {
            "@timestamp": "2023-03-12T08:01:25.423Z",
            "ecs": {
                "version": "8.17.0"
            },
            "event": {
                "action": "FileBlockExecutable",
                "category": [
                    "file"
                ],
                "code": "27",
                "created": "2023-03-12T08:01:25.428Z",
                "kind": "event",
                "original": "<Event xmlns=\"http://schemas.microsoft.com/win/2004/08/events/event\"><System><Provider Name=\"Microsoft-Windows-Sysmon\" Guid=\"{5770385f-c22a-43e0-bf4c-06f5698ffbd9}\" /><EventID>27</EventID><Version>5</Version><Level>4</Level><Task>27</Task><Opcode>0</Opcode><Keywords>0x8000000000000000</Keywords><TimeCreated SystemTime=\"2023-03-12T08:01:25.4286552Z\" /><EventRecordID>406</EventRecordID><Correlation /><Execution ProcessID=\"3804\" ThreadID=\"4760\" /><Channel>Microsoft-Windows-Sysmon/Operational</Channel><Computer>sample-wind-sysmon</Computer><Security UserID=\"S-1-5-18\" /></System><EventData><Data Name=\"RuleName\">fileblocktest</Data><Data Name=\"UtcTime\">2023-03-12 08:01:25.423</Data><Data Name=\"ProcessGuid\">{4299a14b-71fa-640d-bc00-000000000700}</Data><Data Name=\"ProcessId\">868</Data><Data Name=\"User\">SAMPLE-WI\\sampleuser</Data><Data Name=\"Image\">C:\\Windows\\Explorer.EXE</Data><Data Name=\"TargetFilename\">C:\\ProgramData\\notepad.exe</Data><Data Name=\"Hashes\">SHA256=F2835A7EE42F30AA78659FAE1510F791A38E63480B099CDD20D402760EE7A391</Data></EventData></Event>",
                "outcome": [
                    "failure"
                ],
                "provider": "Microsoft-Windows-Sysmon",
                "type": [
                    "creation"
                ]
            },
            "file": {
                "directory": "C:\\ProgramData",
                "extension": "exe",
                "name": "notepad.exe",
                "path": "C:\\ProgramData\\notepad.exe"
            },
            "host": {
                "name": "sample-wind-sysmon"
            },
            "log": {
                "level": "information"
            },
            "process": {
                "entity_id": "{4299a14b-71fa-640d-bc00-000000000700}",
                "executable": "C:\\Windows\\Explorer.EXE",
                "name": "Explorer.EXE",
                "pid": 868
            },
            "related": {
                "hash": [
                    "f2835a7ee42f30aa78659fae1510f791a38e63480b099cdd20d402760ee7a391"
                ],
                "user": [
                    "sampleuser"
                ]
            },
            "rule": {
                "name": "fileblocktest"
            },
            "user": {
                "domain": "SAMPLE-WI",
                "id": "S-1-5-18",
                "name": "sampleuser"
            },
            "winlog": {
                "channel": "Microsoft-Windows-Sysmon/Operational",
                "computer_name": "sample-wind-sysmon",
                "event_id": "27",
                "opcode": "Info",
                "process": {
                    "pid": 3804,
                    "thread": {
                        "id": 4760
                    }
                },
                "provider_guid": "{5770385f-c22a-43e0-bf4c-06f5698ffbd9}",
                "provider_name": "Microsoft-Windows-Sysmon",
                "record_id": "406",
                "user": {
                    "identifier": "S-1-5-18"
                },
                "version": 5
            }
        },
        {
            "@timestamp": "2023-03-12T08:13:25.375Z",
            "ecs": {
                "version": "8.17.0"
            },
            "event": {
                "action": "FileBlockExecutable",
                "category": [
                    "file"
                ],
                "code": "27",
                "created": "2023-03-12T08:13:25.380Z",
                "kind": "event",
                "original": "<Event xmlns=\"http://schemas.microsoft.com/win/2004/08/events/event\"><System><Provider Name=\"Microsoft-Windows-Sysmon\" Guid=\"{5770385f-c22a-43e0-bf4c-06f5698ffbd9}\" /><EventID>27</EventID><Version>5</Version><Level>4</Level><Task>27</Task><Opcode>0</Opcode><Keywords>0x8000000000000000</Keywords><TimeCreated SystemTime=\"2023-03-12T08:13:25.3808395Z\" /><EventRecordID>438</EventRecordID><Correlation /><Execution ProcessID=\"3804\" ThreadID=\"4760\" /><Channel>Microsoft-Windows-Sysmon/Operational</Channel><Computer>sample-wind-sysmon</Computer><Security UserID=\"S-1-5-18\" /></System><EventData><Data Name=\"RuleName\">fileblocktest</Data><Data Name=\"UtcTime\">2023-03-12 08:13:25.375</Data><Data Name=\"ProcessGuid\">{4299a14b-71fa-640d-bc00-000000000700}</Data><Data Name=\"ProcessId\">868</Data><Data Name=\"User\">SAMPLE-WI\\sampleuser</Data><Data Name=\"Image\">C:\\Windows\\Explorer.EXE</Data><Data Name=\"TargetFilename\">C:\\Users\\sampleuser\\Music\\notepad.exe</Data><Data Name=\"Hashes\">SHA256=F2835A7EE42F30AA78659FAE1510F791A38E63480B099CDD20D402760EE7A391</Data></EventData></Event>",
                "outcome": [
                    "failure"
                ],
                "provider": "Microsoft-Windows-Sysmon",
                "type": [
                    "creation"
                ]
            },
            "file": {
                "directory": "C:\\Users\\sampleuser\\Music",
                "extension": "exe",
                "name": "notepad.exe",
                "path": "C:\\Users\\sampleuser\\Music\\notepad.exe"
            },
            "host": {
                "name": "sample-wind-sysmon"
            },
            "log": {
                "level": "information"
            },
            "process": {
                "entity_id": "{4299a14b-71fa-640d-bc00-000000000700}",
                "executable": "C:\\Windows\\Explorer.EXE",
                "name": "Explorer.EXE",
                "pid": 868
            },
            "related": {
                "hash": [
                    "f2835a7ee42f30aa78659fae1510f791a38e63480b099cdd20d402760ee7a391"
                ],
                "user": [
                    "sampleuser"
                ]
            },
            "rule": {
                "name": "fileblocktest"
            },
            "user": {
                "domain": "SAMPLE-WI",
                "id": "S-1-5-18",
                "name": "sampleuser"
            },
            "winlog": {
                "channel": "Microsoft-Windows-Sysmon/Operational",
                "computer_name": "sample-wind-sysmon",
                "event_id": "27",
                "opcode": "Info",
                "process": {
                    "pid": 3804,
                    "thread": {
                        "id": 4760
                    }
                },
                "provider_guid": "{5770385f-c22a-43e0-bf4c-06f5698ffbd9}",
                "provider_name": "Microsoft-Windows-Sysmon",
                "record_id": "438",
                "user": {
                    "identifier": "S-1-5-18"
                },
                "version": 5
            }
        },
        {
            "@timestamp": "2023-03-12T09:20:46.943Z",
            "ecs": {
                "version": "8.17.0"
            },
            "event": {
                "action": "FileBlockShredding",
                "category": [
                    "file"
                ],
                "code": "28",
                "created": "2023-03-12T09:20:46.943Z",
                "kind": "event",
                "original": "<Event xmlns=\"http://schemas.microsoft.com/win/2004/08/events/event\"><System><Provider Name=\"Microsoft-Windows-Sysmon\" Guid=\"{5770385f-c22a-43e0-bf4c-06f5698ffbd9}\" /><EventID>28</EventID><Version>5</Version><Level>4</Level><Task>28</Task><Opcode>0</Opcode><Keywords>0x8000000000000000</Keywords><TimeCreated SystemTime=\"2023-03-12T09:20:46.9436239Z\" /><EventRecordID>583</EventRecordID><Correlation /><Execution ProcessID=\"3804\" ThreadID=\"4760\" /><Channel>Microsoft-Windows-Sysmon/Operational</Channel><Computer>sample-wind-sysmon</Computer><Security UserID=\"S-1-5-18\" /></System><EventData><Data Name=\"RuleName\">fileblockshredtest</Data><Data Name=\"UtcTime\">2023-03-12 09:20:46.943</Data><Data Name=\"ProcessGuid\">{4299a14b-996c-640d-8d02-000000000700}</Data><Data Name=\"ProcessId\">6788</Data><Data Name=\"User\">SAMPLE-WI\\sample</Data><Data Name=\"Image\">C:\\Users\\sample\\Downloads\\SDelete\\sdelete64.exe</Data><Data Name=\"TargetFilename\">C:\\Users\\sample\\Downloads\\ChromeSetup (1).exe</Data><Data Name=\"Hashes\">SHA256=8DDCCA3D2A78660524D73C51DD148DE7B76DF1573EBCC8C5B2AC36FDE2FF2396</Data><Data Name=\"IsExecutable\">true</Data></EventData></Event>",
                "provider": "Microsoft-Windows-Sysmon",
                "type": [
                    "deletion"
                ]
            },
            "file": {
                "directory": "C:\\Users\\sample\\Downloads",
                "extension": "exe",
                "name": "ChromeSetup (1).exe",
                "path": "C:\\Users\\sample\\Downloads\\ChromeSetup (1).exe"
            },
            "host": {
                "name": "sample-wind-sysmon"
            },
            "log": {
                "level": "information"
            },
            "process": {
                "entity_id": "{4299a14b-996c-640d-8d02-000000000700}",
                "executable": "C:\\Users\\sample\\Downloads\\SDelete\\sdelete64.exe",
                "name": "sdelete64.exe",
                "pid": 6788
            },
            "related": {
                "hash": [
                    "8ddcca3d2a78660524d73c51dd148de7b76df1573ebcc8c5b2ac36fde2ff2396"
                ],
                "user": [
                    "sample"
                ]
            },
            "rule": {
                "name": "fileblockshredtest"
            },
            "sysmon": {
                "file": {
                    "is_executable": true
                }
            },
            "user": {
                "domain": "SAMPLE-WI",
                "id": "S-1-5-18",
                "name": "sample"
            },
            "winlog": {
                "channel": "Microsoft-Windows-Sysmon/Operational",
                "computer_name": "sample-wind-sysmon",
                "event_id": "28",
                "opcode": "Info",
                "process": {
                    "pid": 3804,
                    "thread": {
                        "id": 4760
                    }
                },
                "provider_guid": "{5770385f-c22a-43e0-bf4c-06f5698ffbd9}",
                "provider_name": "Microsoft-Windows-Sysmon",
                "record_id": "583",
                "user": {
                    "identifier": "S-1-5-18"
                },
                "version": 5
            }
        },
        {
            "dns": {
                "answers": [
                    {
                        "type": "SRV"
                    },
                    {
                        "type": "SRV"
                    },
                    {
                        "data": "81.2.69.144",
                        "type": "A"
                    },
                    {
                        "data": "81.2.69.142",
                        "type": "A"
                    }
                ],
                "question": {
                    "name": "some.other.domain.com",
                    "registered_domain": "domain.com",
                    "subdomain": "some.other",
                    "top_level_domain": "com"
                },
                "resolved_ip": [
                    "81.2.69.144",
                    "81.2.69.142"
                ]
            },
            "ecs": {
                "version": "8.17.0"
            },
            "event": {
                "action": "DNSEvent (DNS query)",
                "category": [
                    "network"
                ],
                "code": "22",
                "created": "2000-01-01T00:00:00.000Z",
                "kind": "event",
                "provider": "Microsoft-Windows-Sysmon",
                "type": [
                    "connection",
                    "protocol",
                    "info"
                ]
            },
            "host": {
                "name": "internal.network.org"
            },
            "log": {
                "level": "information"
            },
            "network": {
                "protocol": "dns"
            },
            "process": {
                "executable": "C:\\Windows\\System32\\lsass.exe",
                "name": "lsass.exe",
                "pid": 500
            },
            "related": {
                "hosts": [
                    "some.other.domain.com"
                ],
                "ip": [
                    "81.2.69.144",
                    "81.2.69.142"
                ],
                "user": [
                    "SYSTEM"
                ]
            },
            "sysmon": {
                "dns": {
                    "status": "SUCCESS"
                }
            },
            "user": {
                "domain": "NT AUTHORITY",
                "id": "A-0-0-00",
                "name": "SYSTEM"
            },
            "winlog": {
                "channel": "Microsoft-Windows-Sysmon/Operational",
                "computer_name": "internal.network.org",
                "event_id": "22",
                "opcode": "Info",
                "process": {
                    "pid": 1000,
                    "thread": {
                        "id": 2000
                    }
                },
                "provider_guid": "{00000000-0000-0000-0000-000000000000}",
                "provider_name": "Microsoft-Windows-Sysmon",
                "record_id": "1111",
                "user": {
                    "identifier": "A-0-0-00"
                },
                "version": 5
            }
        },
        {
            "@timestamp": "2023-06-30T01:53:13.076Z",
            "ecs": {
                "version": "8.17.0"
            },
            "event": {
                "action": "FileExecutableDetected",
                "category": [
                    "file"
                ],
                "code": "29",
                "created": "2023-06-30T01:53:13.078Z",
                "kind": "event",
                "provider": "Microsoft-Windows-Sysmon",
                "type": [
                    "creation"
                ]
            },
            "file": {
                "directory": "C:\\Users\\auruser\\Desktop",
                "extension": "bin",
                "hash": {
                    "md5": "32365e3e64d28cc94756ac9a09b67f06",
                    "sha1": "d48757b74eff02255f74614f35aa27abbe3f72c7",
                    "sha256": "09043c51719d4bf6405c9a7a292bb9bb3bcc782f639b708ddcc4eedb5e5c9ce9"
                },
                "name": "32365e3e64d28cc94756ac9a09b67f06.bin",
                "path": "C:\\Users\\auruser\\Desktop\\32365e3e64d28cc94756ac9a09b67f06.bin",
                "pe": {
                    "imphash": "1f2627fc453dc35031a9502372bd3549"
                }
            },
            "host": {
                "name": "SEC-TRACE-WinSRV22-Y01"
            },
            "log": {
                "level": "information"
            },
            "process": {
                "entity_id": "{2f280947-3586-649e-5901-000000000e00}",
                "executable": "C:\\Windows\\system32\\curl.exe",
                "name": "curl.exe",
                "pid": 3828
            },
            "related": {
                "hash": [
                    "09043c51719d4bf6405c9a7a292bb9bb3bcc782f639b708ddcc4eedb5e5c9ce9",
                    "d48757b74eff02255f74614f35aa27abbe3f72c7",
                    "32365e3e64d28cc94756ac9a09b67f06",
                    "1f2627fc453dc35031a9502372bd3549"
                ],
                "user": [
                    "auruser"
                ]
            },
            "user": {
                "domain": "SEC-TRACE-WINSR",
                "id": "S-1-5-18",
                "name": "auruser"
            },
            "winlog": {
                "channel": "Microsoft-Windows-Sysmon/Operational",
                "computer_name": "SEC-TRACE-WinSRV22-Y01",
                "event_id": "29",
                "opcode": "Info",
                "process": {
                    "pid": 2824,
                    "thread": {
                        "id": 1380
                    }
                },
                "provider_guid": "{5770385f-c22a-43e0-bf4c-06f5698ffbd9}",
                "provider_name": "Microsoft-Windows-Sysmon",
                "record_id": "679378",
                "user": {
                    "identifier": "S-1-5-18"
                },
                "version": 5
            }
        }
    ]
}
