        {
            "@timestamp": "2022-01-24T05:12:34.328Z",
            "ecs": {
                "version": "8.17.0"
            },
            "event": {
                "action": "FileDeleteDetected (File Delete logged)",
                "category": [
                    "file"
                ],
                "code": "26",
                "created": "2022-01-24T05:12:34.329Z",
                "kind": "event",
                "original": "<Event xmlns='http://schemas.microsoft.com/win/2004/08/events/event'><System><Provider Name='Microsoft-Windows-Sysmon' Guid='{5770385f-c22a-43e0-bf4c-06f5698ffbd9}'/><EventID>26</EventID><Version>5</Version><Level>4</Level><Task>26</Task><Opcode>0</Opcode><Keywords>0x8000000000000000</Keywords><TimeCreated SystemTime='2022-01-24T05:12:34.329980300Z'/><EventRecordID>456</EventRecordID><Correlation/><Execution ProcessID='2764' ThreadID='3792'/><Channel>Microsoft-Windows-Sysmon/Operational</Channel><Computer>vagrant</Computer><Security UserID='S-1-5-18'/></System><EventData><Data Name='RuleName'>-</Data><Data Name='UtcTime'>2022-01-24 05:12:34.328</Data><Data Name='ProcessGuid'>{63a74932-a2b4-61ee-1b00-000000000700}</Data><Data Name='ProcessId'>1264</Data><Data Name='User'>NT AUTHORITY\\LOCAL SERVICE</Data><Data Name='Image'>C:\\Windows\\System32\\svchost.exe</Data><Data Name='TargetFilename'>C:\\Windows\\ServiceState\\EventLog\\Data\\lastalive1.dat</Data><Data Name='Hashes'>SHA256=A94808E7C66973B122F66EC6611019C745A9602F8E944F53635CAB58AEF35A79</Data><Data Name='IsExecutable'>false</Data></EventData></Event>",
                "provider": "Microsoft-Windows-Sysmon",
                "type": [
                    "deletion"
                ]
            },
            "file": {
                "directory": "C:\\Windows\\ServiceState\\EventLog\\Data",
                "extension": "dat",
                "name": "lastalive1.dat",
                "path": "C:\\Windows\\ServiceState\\EventLog\\Data\\lastalive1.dat"
            },
            "log": {
                "level": "information"
            },
            "process": {
                "entity_id": "{63a74932-a2b4-61ee-1b00-000000000700}",
                "executable": "C:\\Windows\\System32\\svchost.exe",
                "hash": {
                    "sha256": "a94808e7c66973b122f66ec6611019c745a9602f8e944f53635cab58aef35a79"
                },
                "name": "svchost.exe",
                "pid": 1264
            },
            "related": {
                "hash": [
                    "a94808e7c66973b122f66ec6611019c745a9602f8e944f53635cab58aef35a79"
                ],
                "user": [
                    "LOCAL SERVICE"
                ]
            },
            "sysmon": {
                "file": {
                    "is_executable": false
                }
            },
            "user": {
                "domain": "NT AUTHORITY",
                "id": "S-1-5-18",
                "name": "LOCAL SERVICE"
            },
            "winlog": {
                "channel": "Microsoft-Windows-Sysmon/Operational",
                "computer_name": "vagrant",
                "event_id": "26",
                "opcode": "Info",
                "process": {
                    "pid": 2764,
                    "thread": {
                        "id": 3792
                    }
                },
                "provider_guid": "{5770385f-c22a-43e0-bf4c-06f5698ffbd9}",
                "provider_name": "Microsoft-Windows-Sysmon",
                "record_id": "456",
                "user": {
                    "identifier": "S-1-5-18"
                },
                "version": 5
            }
        },
        {
            "@timestamp": "2022-01-24T05:12:51.031Z",
            "ecs": {
                "version": "8.17.0"
            },
            "event": {
                "action": "FileDeleteDetected (File Delete logged)",
                "category": [
                    "file"
                ],
                "code": "26",
                "created": "2022-01-24T05:12:51.042Z",
                "kind": "event",
                "original": "<Event xmlns='http://schemas.microsoft.com/win/2004/08/events/event'><System><Provider Name='Microsoft-Windows-Sysmon' Guid='{5770385f-c22a-43e0-bf4c-06f5698ffbd9}'/><EventID>26</EventID><Version>5</Version><Level>4</Level><Task>26</Task><Opcode>0</Opcode><Keywords>0x8000000000000000</Keywords><TimeCreated SystemTime='2022-01-24T05:12:51.042270000Z'/><EventRecordID>457</EventRecordID><Correlation/><Execution ProcessID='2764' ThreadID='3792'/><Channel>Microsoft-Windows-Sysmon/Operational</Channel><Computer>vagrant</Computer><Security UserID='S-1-5-18'/></System><EventData><Data Name='RuleName'>-</Data><Data Name='UtcTime'>2022-01-24 05:12:51.031</Data><Data Name='ProcessGuid'>{63a74932-3523-61ee-af00-000000000700}</Data><Data Name='ProcessId'>1364</Data><Data Name='User'>NT AUTHORITY\\SYSTEM</Data><Data Name='Image'>C:\\Windows\\system32\\svchost.exe</Data><Data Name='TargetFilename'>C:\\ProgramData\\Microsoft\\Windows\\DeviceMetadataCache\\OLDCACHE.000</Data><Data Name='Hashes'>SHA256=D78FBF654D84DDF2CB4FE221F7D8B61E0DECDEE48A4687915E6E4A2296E2418B</Data><Data Name='IsExecutable'>false</Data></EventData></Event>",
                "provider": "Microsoft-Windows-Sysmon",
                "type": [
                    "deletion"
                ]
            },
            "file": {
                "directory": "C:\\ProgramData\\Microsoft\\Windows\\DeviceMetadataCache",
                "extension": "000",
                "name": "OLDCACHE.000",
                "path": "C:\\ProgramData\\Microsoft\\Windows\\DeviceMetadataCache\\OLDCACHE.000"
            },
            "log": {
                "level": "information"
            },
            "process": {
                "entity_id": "{63a74932-3523-61ee-af00-000000000700}",
                "executable": "C:\\Windows\\system32\\svchost.exe",
                "hash": {
                    "sha256": "d78fbf654d84ddf2cb4fe221f7d8b61e0decdee48a4687915e6e4a2296e2418b"
                },
                "name": "svchost.exe",
                "pid": 1364
            },
            "related": {
                "hash": [
                    "d78fbf654d84ddf2cb4fe221f7d8b61e0decdee48a4687915e6e4a2296e2418b"
                ],
                "user": [
                    "SYSTEM"
                ]
            },
            "sysmon": {
                "file": {
                    "is_executable": false
                }
            },
            "user": {
                "domain": "NT AUTHORITY",
                "id": "S-1-5-18",
                "name": "SYSTEM"
            },
            "winlog": {
                "channel": "Microsoft-Windows-Sysmon/Operational",
                "computer_name": "vagrant",
                "event_id": "26",
                "opcode": "Info",
                "process": {
                    "pid": 2764,
                    "thread": {
                        "id": 3792
                    }
                },
                "provider_guid": "{5770385f-c22a-43e0-bf4c-06f5698ffbd9}",
                "provider_name": "Microsoft-Windows-Sysmon",
                "record_id": "457",
                "user": {
                    "identifier": "S-1-5-18"
                },
                "version": 5
            }
        },
        {
            "@timestamp": "2022-03-31T06:21:03.765Z",
            "ecs": {
                "version": "8.17.0"
            },
            "event": {
                "action": "RegistryEvent (Value Set)",
                "category": [
                    "configuration",
                    "registry"
                ],
                "code": "13",
                "created": "2022-03-31T06:21:05.221Z",
                "dataset": "windows.sysmon_operational",
                "kind": "event",
                "original": "<Event xmlns='http://schemas.microsoft.com/win/2004/08/events/event'><System><Provider Name='Microsoft-Windows-Sysmon' Guid='{5770385f-c22a-43e0-bf4c-06f5698ffbd9}'/><EventID>13</EventID><Version>2</Version><Level>4</Level><Task>13</Task><Opcode>0</Opcode><Keywords>0x8000000000000000</Keywords><TimeCreated SystemTime='2022-03-31T06:21:03.771061300Z'/><EventRecordID>9334</EventRecordID><Correlation/><Execution ProcessID='2876' ThreadID='3720'/><Channel>Microsoft-Windows-Sysmon/Operational</Channel><Computer>vagrant</Computer><Security UserID='S-1-5-18'/></System><EventData><Data Name='RuleName'>UACMe Dir Prep</Data><Data Name='EventType'>SetValue</Data><Data Name='UtcTime'>2022-03-31 06:21:03.765</Data><Data Name='ProcessGuid'>{ce6f2a55-427a-6245-3801-000000000900}</Data><Data Name='ProcessId'>5816</Data><Data Name='Image'>C:\\Windows\\regedit.exe</Data><Data Name='TargetObject'>HKU\\S-1-5-21-2788380046-4280556519-4095830112-1000\\Volatile Environment\\2\\TEST_QWORD</Data><Data Name='Details'>QWORD (0x00000000-0x1234fabd)</Data><Data Name='User'>VAGRANT\\vagrant</Data></EventData><RenderingInfo Culture='en-US'><Message>Registry value set:\r\nRuleName: UACMe Dir Prep\r\nEventType: SetValue\r\nUtcTime: 2022-03-31 06:21:03.765\r\nProcessGuid: {ce6f2a55-427a-6245-3801-000000000900}\r\nProcessId: 5816\r\nImage: C:\\Windows\\regedit.exe\r\nTargetObject: HKU\\S-1-5-21-2788380046-4280556519-4095830112-1000\\Volatile Environment\\2\\TEST_QWORD\r\nDetails: QWORD (0x00000000-0x1234fabd)\r\nUser: VAGRANT\\vagrant</Message><Level>Information</Level><Task>Registry value set (rule: RegistryEvent)</Task><Opcode>Info</Opcode><Channel></Channel><Provider></Provider><Keywords></Keywords></RenderingInfo></Event>",
                "provider": "Microsoft-Windows-Sysmon",
                "type": [
                    "change"
                ]
            },
            "log": {
                "level": "information"
            },
            "process": {
                "entity_id": "{ce6f2a55-427a-6245-3801-000000000900}",
                "executable": "C:\\Windows\\regedit.exe",
                "name": "regedit.exe",
                "pid": 5816
            },
            "registry": {
                "data": {
                    "strings": [
                        "305461949"
                    ],
                    "type": "SZ_QWORD"
                },
                "hive": "HKU",
                "key": "S-1-5-21-2788380046-4280556519-4095830112-1000\\Volatile Environment\\2\\TEST_QWORD",
                "path": "HKU\\S-1-5-21-2788380046-4280556519-4095830112-1000\\Volatile Environment\\2\\TEST_QWORD",
                "value": "TEST_QWORD"
            },
            "related": {
                "user": [
                    "vagrant"
                ]
            },
            "rule": {
                "name": "UACMe Dir Prep"
            },
            "user": {
                "domain": "VAGRANT",
                "id": "S-1-5-18",
                "name": "vagrant"
            },
            "winlog": {
                "api": "wineventlog",
                "channel": "Microsoft-Windows-Sysmon/Operational",
                "computer_name": "vagrant",
                "event_data": {
                    "EventType": "SetValue"
                },
                "event_id": "13",
                "opcode": "Info",
                "process": {
                    "pid": 2876,
                    "thread": {
                        "id": 3720
                    }
                },
                "provider_guid": "{5770385f-c22a-43e0-bf4c-06f5698ffbd9}",
                "provider_name": "Microsoft-Windows-Sysmon",
                "record_id": "9334",
                "task": "Registry value set (rule: RegistryEvent)",
                "user": {
                    "domain": "NT AUTHORITY",
                    "identifier": "S-1-5-18",
                    "name": "SYSTEM",
                    "type": "User"
                },
                "version": 2
            }
        },
        {
            "@timestamp": "2022-03-31T06:39:22.643Z",
            "ecs": {
                "version": "8.17.0"
            },
            "event": {
                "action": "RegistryEvent (Value Set)",
                "category": [
                    "configuration",
                    "registry"
                ],
                "code": "13",
                "created": "2022-03-31T06:39:24.670Z",
                "dataset": "windows.sysmon_operational",
                "kind": "event",
                "original": "<Event xmlns='http://schemas.microsoft.com/win/2004/08/events/event'><System><Provider Name='Microsoft-Windows-Sysmon' Guid='{5770385f-c22a-43e0-bf4c-06f5698ffbd9}'/><EventID>13</EventID><Version>2</Version><Level>4</Level><Task>13</Task><Opcode>0</Opcode><Keywords>0x8000000000000000</Keywords><TimeCreated SystemTime='2022-03-31T06:39:22.648698100Z'/><EventRecordID>9366</EventRecordID><Correlation/><Execution ProcessID='2876' ThreadID='3720'/><Channel>Microsoft-Windows-Sysmon/Operational</Channel><Computer>vagrant</Computer><Security UserID='S-1-5-18'/></System><EventData><Data Name='RuleName'>UACMe Dir Prep</Data><Data Name='EventType'>SetValue</Data><Data Name='UtcTime'>2022-03-31 06:39:22.643</Data><Data Name='ProcessGuid'>{ce6f2a55-427a-6245-3801-000000000900}</Data><Data Name='ProcessId'>5816</Data><Data Name='Image'>C:\\Windows\\regedit.exe</Data><Data Name='TargetObject'>HKU\\S-1-5-21-2788380046-4280556519-4095830112-1000\\Volatile Environment\\2\\TEST_KEY_1</Data><Data Name='Details'>abcd</Data><Data Name='User'>VAGRANT\\vagrant</Data></EventData><RenderingInfo Culture='en-US'><Message>Registry value set:\r\nRuleName: UACMe Dir Prep\r\nEventType: SetValue\r\nUtcTime: 2022-03-31 06:39:22.643\r\nProcessGuid: {ce6f2a55-427a-6245-3801-000000000900}\r\nProcessId: 5816\r\nImage: C:\\Windows\\regedit.exe\r\nTargetObject: HKU\\S-1-5-21-2788380046-4280556519-4095830112-1000\\Volatile Environment\\2\\TEST_KEY_1\r\nDetails: abcd\r\nUser: VAGRANT\\vagrant</Message><Level>Information</Level><Task>Registry value set (rule: RegistryEvent)</Task><Opcode>Info</Opcode><Channel></Channel><Provider></Provider><Keywords></Keywords></RenderingInfo></Event>",
                "provider": "Microsoft-Windows-Sysmon",
                "type": [
                    "change"
                ]
            },
            "log": {
                "level": "information"
            },
            "process": {
                "entity_id": "{ce6f2a55-427a-6245-3801-000000000900}",
                "executable": "C:\\Windows\\regedit.exe",
                "name": "regedit.exe",
                "pid": 5816
            },
            "registry": {
                "data": {
                    "strings": [
                        "abcd"
                    ],
                    "type": "REG_SZ"
                },
                "hive": "HKU",
                "key": "S-1-5-21-2788380046-4280556519-4095830112-1000\\Volatile Environment\\2\\TEST_KEY_1",
                "path": "HKU\\S-1-5-21-2788380046-4280556519-4095830112-1000\\Volatile Environment\\2\\TEST_KEY_1",
                "value": "TEST_KEY_1"
            },
            "related": {
                "user": [
                    "vagrant"
                ]
            },
            "rule": {
                "name": "UACMe Dir Prep"
            },
            "user": {
                "domain": "VAGRANT",
                "id": "S-1-5-18",
                "name": "vagrant"
            },
            "winlog": {
                "api": "wineventlog",
                "channel": "Microsoft-Windows-Sysmon/Operational",
                "computer_name": "vagrant",
                "event_data": {
                    "EventType": "SetValue"
                },
                "event_id": "13",
                "opcode": "Info",
                "process": {
                    "pid": 2876,
                    "thread": {
                        "id": 3720
                    }
                },
                "provider_guid": "{5770385f-c22a-43e0-bf4c-06f5698ffbd9}",
                "provider_name": "Microsoft-Windows-Sysmon",
                "record_id": "9366",
                "task": "Registry value set (rule: RegistryEvent)",
                "user": {
                    "domain": "NT AUTHORITY",
                    "identifier": "S-1-5-18",
                    "name": "SYSTEM",
                    "type": "User"
                },
                "version": 2
            }
        },
        {
            "@timestamp": "2022-03-31T06:39:36.298Z",
            "ecs": {
                "version": "8.17.0"
            },
            "event": {
                "action": "RegistryEvent (Value Set)",
                "category": [
                    "configuration",
                    "registry"
                ],
                "code": "13",
                "created": "2022-03-31T06:39:37.779Z",
                "dataset": "windows.sysmon_operational",
                "kind": "event",
                "original": "<Event xmlns='http://schemas.microsoft.com/win/2004/08/events/event'><System><Provider Name='Microsoft-Windows-Sysmon' Guid='{5770385f-c22a-43e0-bf4c-06f5698ffbd9}'/><EventID>13</EventID><Version>2</Version><Level>4</Level><Task>13</Task><Opcode>0</Opcode><Keywords>0x8000000000000000</Keywords><TimeCreated SystemTime='2022-03-31T06:39:36.303809800Z'/><EventRecordID>9370</EventRecordID><Correlation/><Execution ProcessID='2876' ThreadID='3720'/><Channel>Microsoft-Windows-Sysmon/Operational</Channel><Computer>vagrant</Computer><Security UserID='S-1-5-18'/></System><EventData><Data Name='RuleName'>UACMe Dir Prep</Data><Data Name='EventType'>SetValue</Data><Data Name='UtcTime'>2022-03-31 06:39:36.298</Data><Data Name='ProcessGuid'>{ce6f2a55-427a-6245-3801-000000000900}</Data><Data Name='ProcessId'>5816</Data><Data Name='Image'>C:\\Windows\\regedit.exe</Data><Data Name='TargetObject'>HKU\\S-1-5-21-2788380046-4280556519-4095830112-1000\\Volatile Environment\\2\\TEST_DWORD</Data><Data Name='Details'>DWORD (0x12349abc)</Data><Data Name='User'>VAGRANT\\vagrant</Data></EventData><RenderingInfo Culture='en-US'><Message>Registry value set:\r\nRuleName: UACMe Dir Prep\r\nEventType: SetValue\r\nUtcTime: 2022-03-31 06:39:36.298\r\nProcessGuid: {ce6f2a55-427a-6245-3801-000000000900}\r\nProcessId: 5816\r\nImage: C:\\Windows\\regedit.exe\r\nTargetObject: HKU\\S-1-5-21-2788380046-4280556519-4095830112-1000\\Volatile Environment\\2\\TEST_DWORD\r\nDetails: DWORD (0x12349abc)\r\nUser: VAGRANT\\vagrant</Message><Level>Information</Level><Task>Registry value set (rule: RegistryEvent)</Task><Opcode>Info</Opcode><Channel></Channel><Provider></Provider><Keywords></Keywords></RenderingInfo></Event>",
                "provider": "Microsoft-Windows-Sysmon",
                "type": [
                    "change"
                ]
            },
            "log": {
                "level": "information"
            },
            "process": {
                "entity_id": "{ce6f2a55-427a-6245-3801-000000000900}",
                "executable": "C:\\Windows\\regedit.exe",
                "name": "regedit.exe",
                "pid": 5816
            },
            "registry": {
                "data": {
                    "strings": [
                        "305437372"
                    ],
                    "type": "SZ_DWORD"
                },
                "hive": "HKU",
                "key": "S-1-5-21-2788380046-4280556519-4095830112-1000\\Volatile Environment\\2\\TEST_DWORD",
                "path": "HKU\\S-1-5-21-2788380046-4280556519-4095830112-1000\\Volatile Environment\\2\\TEST_DWORD",
                "value": "TEST_DWORD"
            },
            "related": {
                "user": [
                    "vagrant"
                ]
            },
            "rule": {
                "name": "UACMe Dir Prep"
            },
            "user": {
                "domain": "VAGRANT",
                "id": "S-1-5-18",
                "name": "vagrant"
            },
            "winlog": {
                "api": "wineventlog",
                "channel": "Microsoft-Windows-Sysmon/Operational",
                "computer_name": "vagrant",
                "event_data": {
                    "EventType": "SetValue"
                },
                "event_id": "13",
                "opcode": "Info",
                "process": {
                    "pid": 2876,
                    "thread": {
                        "id": 3720
                    }
                },
                "provider_guid": "{5770385f-c22a-43e0-bf4c-06f5698ffbd9}",
                "provider_name": "Microsoft-Windows-Sysmon",
                "record_id": "9370",
                "task": "Registry value set (rule: RegistryEvent)",
                "user": {
                    "domain": "NT AUTHORITY",
                    "identifier": "S-1-5-18",
                    "name": "SYSTEM",
                    "type": "User"
                },
                "version": 2
            }
        },
        {
            "@timestamp": "2022-03-31T06:40:11.534Z",
            "ecs": {
                "version": "8.17.0"
            },
            "event": {
                "action": "RegistryEvent (Value Set)",
                "category": [
                    "configuration",
                    "registry"
                ],
                "code": "13",
                "created": "2022-03-31T06:40:13.047Z",
                "dataset": "windows.sysmon_operational",
                "kind": "event",
                "original": "<Event xmlns='http://schemas.microsoft.com/win/2004/08/events/event'><System><Provider Name='Microsoft-Windows-Sysmon' Guid='{5770385f-c22a-43e0-bf4c-06f5698ffbd9}'/><EventID>13</EventID><Version>2</Version><Level>4</Level><Task>13</Task><Opcode>0</Opcode><Keywords>0x8000000000000000</Keywords><TimeCreated SystemTime='2022-03-31T06:40:11.539166700Z'/><EventRecordID>9375</EventRecordID><Correlation/><Execution ProcessID='2876' ThreadID='3720'/><Channel>Microsoft-Windows-Sysmon/Operational</Channel><Computer>vagrant</Computer><Security UserID='S-1-5-18'/></System><EventData><Data Name='RuleName'>UACMe Dir Prep</Data><Data Name='EventType'>SetValue</Data><Data Name='UtcTime'>2022-03-31 06:40:11.534</Data><Data Name='ProcessGuid'>{ce6f2a55-427a-6245-3801-000000000900}</Data><Data Name='ProcessId'>5816</Data><Data Name='Image'>C:\\Windows\\regedit.exe</Data><Data Name='TargetObject'>HKU\\S-1-5-21-2788380046-4280556519-4095830112-1000\\Volatile Environment\\2\\TEST_MULTI_VALUE_STRING</Data><Data Name='Details'>Binary Data</Data><Data Name='User'>VAGRANT\\vagrant</Data></EventData><RenderingInfo Culture='en-US'><Message>Registry value set:\r\nRuleName: UACMe Dir Prep\r\nEventType: SetValue\r\nUtcTime: 2022-03-31 06:40:11.534\r\nProcessGuid: {ce6f2a55-427a-6245-3801-000000000900}\r\nProcessId: 5816\r\nImage: C:\\Windows\\regedit.exe\r\nTargetObject: HKU\\S-1-5-21-2788380046-4280556519-4095830112-1000\\Volatile Environment\\2\\TEST_MULTI_VALUE_STRING\r\nDetails: Binary Data\r\nUser: VAGRANT\\vagrant</Message><Level>Information</Level><Task>Registry value set (rule: RegistryEvent)</Task><Opcode>Info</Opcode><Channel></Channel><Provider></Provider><Keywords></Keywords></RenderingInfo></Event>",
                "provider": "Microsoft-Windows-Sysmon",
                "type": [
                    "change"
                ]
            },
            "log": {
                "level": "information"
            },
            "process": {
                "entity_id": "{ce6f2a55-427a-6245-3801-000000000900}",
                "executable": "C:\\Windows\\regedit.exe",
                "name": "regedit.exe",
                "pid": 5816
            },
            "registry": {
                "data": {
                    "strings": [
                        "Binary Data"
                    ],
                    "type": "REG_BINARY"
                },
                "hive": "HKU",
                "key": "S-1-5-21-2788380046-4280556519-4095830112-1000\\Volatile Environment\\2\\TEST_MULTI_VALUE_STRING",
                "path": "HKU\\S-1-5-21-2788380046-4280556519-4095830112-1000\\Volatile Environment\\2\\TEST_MULTI_VALUE_STRING",
                "value": "TEST_MULTI_VALUE_STRING"
            },
            "related": {
                "user": [
                    "vagrant"
                ]
            },
            "rule": {
                "name": "UACMe Dir Prep"
            },
            "user": {
                "domain": "VAGRANT",
                "id": "S-1-5-18",
                "name": "vagrant"
            },
            "winlog": {
                "api": "wineventlog",
                "channel": "Microsoft-Windows-Sysmon/Operational",
                "computer_name": "vagrant",
                "event_data": {
                    "EventType": "SetValue"
                },
                "event_id": "13",
                "opcode": "Info",
                "process": {
                    "pid": 2876,
                    "thread": {
                        "id": 3720
                    }
                },
                "provider_guid": "{5770385f-c22a-43e0-bf4c-06f5698ffbd9}",
                "provider_name": "Microsoft-Windows-Sysmon",
                "record_id": "9375",
                "task": "Registry value set (rule: RegistryEvent)",
                "user": {
                    "domain": "NT AUTHORITY",
                    "identifier": "S-1-5-18",
                    "name": "SYSTEM",
                    "type": "User"
                },
                "version": 2
            }
        },
        {
            "@timestamp": "2022-03-31T06:40:38.113Z",
            "ecs": {
                "version": "8.17.0"
            },
            "event": {
                "action": "RegistryEvent (Value Set)",
                "category": [
                    "configuration",
                    "registry"
                ],
                "code": "13",
                "created": "2022-03-31T06:40:39.262Z",
                "dataset": "windows.sysmon_operational",
                "kind": "event",
                "original": "<Event xmlns='http://schemas.microsoft.com/win/2004/08/events/event'><System><Provider Name='Microsoft-Windows-Sysmon' Guid='{5770385f-c22a-43e0-bf4c-06f5698ffbd9}'/><EventID>13</EventID><Version>2</Version><Level>4</Level><Task>13</Task><Opcode>0</Opcode><Keywords>0x8000000000000000</Keywords><TimeCreated SystemTime='2022-03-31T06:40:38.118474300Z'/><EventRecordID>9379</EventRecordID><Correlation/><Execution ProcessID='2876' ThreadID='3720'/><Channel>Microsoft-Windows-Sysmon/Operational</Channel><Computer>vagrant</Computer><Security UserID='S-1-5-18'/></System><EventData><Data Name='RuleName'>UACMe Dir Prep</Data><Data Name='EventType'>SetValue</Data><Data Name='UtcTime'>2022-03-31 06:40:38.113</Data><Data Name='ProcessGuid'>{ce6f2a55-427a-6245-3801-000000000900}</Data><Data Name='ProcessId'>5816</Data><Data Name='Image'>C:\\Windows\\regedit.exe</Data><Data Name='TargetObject'>HKU\\S-1-5-21-2788380046-4280556519-4095830112-1000\\Volatile Environment\\2\\TEST_BIN_VALUE</Data><Data Name='Details'>Binary Data</Data><Data Name='User'>VAGRANT\\vagrant</Data></EventData><RenderingInfo Culture='en-US'><Message>Registry value set:\r\nRuleName: UACMe Dir Prep\r\nEventType: SetValue\r\nUtcTime: 2022-03-31 06:40:38.113\r\nProcessGuid: {ce6f2a55-427a-6245-3801-000000000900}\r\nProcessId: 5816\r\nImage: C:\\Windows\\regedit.exe\r\nTargetObject: HKU\\S-1-5-21-2788380046-4280556519-4095830112-1000\\Volatile Environment\\2\\TEST_BIN_VALUE\r\nDetails: Binary Data\r\nUser: VAGRANT\\vagrant</Message><Level>Information</Level><Task>Registry value set (rule: RegistryEvent)</Task><Opcode>Info</Opcode><Channel></Channel><Provider></Provider><Keywords></Keywords></RenderingInfo></Event>",
                "provider": "Microsoft-Windows-Sysmon",
                "type": [
                    "change"
                ]
            },
            "log": {
                "level": "information"
            },
            "process": {
                "entity_id": "{ce6f2a55-427a-6245-3801-000000000900}",
                "executable": "C:\\Windows\\regedit.exe",
                "name": "regedit.exe",
                "pid": 5816
            },
            "registry": {
                "data": {
                    "strings": [
                        "Binary Data"
                    ],
                    "type": "REG_BINARY"
                },
                "hive": "HKU",
                "key": "S-1-5-21-2788380046-4280556519-4095830112-1000\\Volatile Environment\\2\\TEST_BIN_VALUE",
                "path": "HKU\\S-1-5-21-2788380046-4280556519-4095830112-1000\\Volatile Environment\\2\\TEST_BIN_VALUE",
                "value": "TEST_BIN_VALUE"
            },
            "related": {
                "user": [
                    "vagrant"
                ]
            },
            "rule": {
                "name": "UACMe Dir Prep"
            },
            "user": {
                "domain": "VAGRANT",
                "id": "S-1-5-18",
                "name": "vagrant"
            },
            "winlog": {
                "api": "wineventlog",
                "channel": "Microsoft-Windows-Sysmon/Operational",
                "computer_name": "vagrant",
                "event_data": {
                    "EventType": "SetValue"
                },
                "event_id": "13",
                "opcode": "Info",
                "process": {
                    "pid": 2876,
                    "thread": {
                        "id": 3720
                    }
                },
                "provider_guid": "{5770385f-c22a-43e0-bf4c-06f5698ffbd9}",
                "provider_name": "Microsoft-Windows-Sysmon",
                "record_id": "9379",
                "task": "Registry value set (rule: RegistryEvent)",
                "user": {
                    "domain": "NT AUTHORITY",
                    "identifier": "S-1-5-18",
                    "name": "SYSTEM",
                    "type": "User"
                },
                "version": 2
            }
        },
        {
            "@timestamp": "2022-03-31T06:41:01.546Z",
            "ecs": {
                "version": "8.17.0"
            },
            "event": {
                "action": "RegistryEvent (Value Set)",
                "category": [
                    "configuration",
                    "registry"
                ],
                "code": "13",
                "created": "2022-03-31T06:41:03.491Z",
                "dataset": "windows.sysmon_operational",
                "kind": "event",
                "original": "<Event xmlns='http://schemas.microsoft.com/win/2004/08/events/event'><System><Provider Name='Microsoft-Windows-Sysmon' Guid='{5770385f-c22a-43e0-bf4c-06f5698ffbd9}'/><EventID>13</EventID><Version>2</Version><Level>4</Level><Task>13</Task><Opcode>0</Opcode><Keywords>0x8000000000000000</Keywords><TimeCreated SystemTime='2022-03-31T06:41:01.551493500Z'/><EventRecordID>9384</EventRecordID><Correlation/><Execution ProcessID='2876' ThreadID='3720'/><Channel>Microsoft-Windows-Sysmon/Operational</Channel><Computer>vagrant</Computer><Security UserID='S-1-5-18'/></System><EventData><Data Name='RuleName'>UACMe Dir Prep</Data><Data Name='EventType'>SetValue</Data><Data Name='UtcTime'>2022-03-31 06:41:01.546</Data><Data Name='ProcessGuid'>{ce6f2a55-427a-6245-3801-000000000900}</Data><Data Name='ProcessId'>5816</Data><Data Name='Image'>C:\\Windows\\regedit.exe</Data><Data Name='TargetObject'>HKU\\S-1-5-21-2788380046-4280556519-4095830112-1000\\Volatile Environment\\2\\TEST_EXPANDED_STR</Data><Data Name='Details'>*.dll expanded</Data><Data Name='User'>VAGRANT\\vagrant</Data></EventData><RenderingInfo Culture='en-US'><Message>Registry value set:\r\nRuleName: UACMe Dir Prep\r\nEventType: SetValue\r\nUtcTime: 2022-03-31 06:41:01.546\r\nProcessGuid: {ce6f2a55-427a-6245-3801-000000000900}\r\nProcessId: 5816\r\nImage: C:\\Windows\\regedit.exe\r\nTargetObject: HKU\\S-1-5-21-2788380046-4280556519-4095830112-1000\\Volatile Environment\\2\\TEST_EXPANDED_STR\r\nDetails: *.dll expanded\r\nUser: VAGRANT\\vagrant</Message><Level>Information</Level><Task>Registry value set (rule: RegistryEvent)</Task><Opcode>Info</Opcode><Channel></Channel><Provider></Provider><Keywords></Keywords></RenderingInfo></Event>",
                "provider": "Microsoft-Windows-Sysmon",
                "type": [
                    "change"
                ]
            },
            "log": {
                "level": "information"
            },
            "process": {
                "entity_id": "{ce6f2a55-427a-6245-3801-000000000900}",
                "executable": "C:\\Windows\\regedit.exe",
                "name": "regedit.exe",
                "pid": 5816
            },
            "registry": {
                "data": {
                    "strings": [
                        "*.dll expanded"
                    ],
                    "type": "REG_SZ"
                },
                "hive": "HKU",
                "key": "S-1-5-21-2788380046-4280556519-4095830112-1000\\Volatile Environment\\2\\TEST_EXPANDED_STR",
                "path": "HKU\\S-1-5-21-2788380046-4280556519-4095830112-1000\\Volatile Environment\\2\\TEST_EXPANDED_STR",
                "value": "TEST_EXPANDED_STR"
            },
            "related": {
                "user": [
                    "vagrant"
                ]
            },
            "rule": {
                "name": "UACMe Dir Prep"
            },
            "user": {
                "domain": "VAGRANT",
                "id": "S-1-5-18",
                "name": "vagrant"
            },
            "winlog": {
                "api": "wineventlog",
                "channel": "Microsoft-Windows-Sysmon/Operational",
                "computer_name": "vagrant",
                "event_data": {
                    "EventType": "SetValue"
                },
                "event_id": "13",
                "opcode": "Info",
                "process": {
                    "pid": 2876,
                    "thread": {
                        "id": 3720
                    }
                },
                "provider_guid": "{5770385f-c22a-43e0-bf4c-06f5698ffbd9}",
                "provider_name": "Microsoft-Windows-Sysmon",
                "record_id": "9384",
                "task": "Registry value set (rule: RegistryEvent)",
                "user": {
                    "domain": "NT AUTHORITY",
                    "identifier": "S-1-5-18",
                    "name": "SYSTEM",
                    "type": "User"
                },
                "version": 2
            }
        },
        {
            "@timestamp": "2022-04-27T18:13:46.501Z",
            "ecs": {
                "version": "8.17.0"
            },
            "event": {
                "action": "Process creation",
                "category": [
                    "process"
                ],
                "code": "1",
                "created": "2022-01-24T05:12:52.042Z",
                "kind": "event",
                "provider": "Microsoft-Windows-Sysmon",
                "type": [
                    "start"
                ]
            },
            "log": {
                "level": "information"
            },
            "process": {
                "args": [
                    "&quot;C:\\Windows\\system32\\cmd.exe&quot;",
                    "/c",
                    "SQLCMD",
                    "-S",
                    "&quot;X&quot;",
                    "-h",
                    "-1",
                    "-Q",
                    "&quot;EXEC",
                    "DBA.dbo.AGSYNC_ALERT&quot;",
                    "&gt;",
                    "C:\\tmp\\SQL_ASYNCMonitor.txt"
                ],
                "args_count": 12,
                "command_line": "&quot;C:\\Windows\\system32\\cmd.exe&quot; /c SQLCMD -S &quot;X&quot; -h -1 -Q &quot;EXEC DBA.dbo.AGSYNC_ALERT&quot; &gt; C:\\tmp\\SQL_ASYNCMonitor.txt",
                "entity_id": "{34B92076-87DA-6269-16EE-240000002800}",
                "executable": "C:\\Windows\\System32\\cmd.exe",
                "hash": {
                    "md5": "999999996175b77e0c3a000549d2922c",
                    "sha256": "935c1861df1f4018d698e8b65abfa02d7e9037d8f68ca3c2065b6ca165d44ad2"
                },
                "name": "cmd.exe",
                "parent": {
                    "pid": 5060
                },
                "pe": {
                    "company": "Microsoft Corporation",
                    "description": "Windows Command Processor",
                    "file_version": "10.0.14393.0 (rs1_release.160715-1616)",
                    "original_file_name": "Cmd.Exe",
                    "product": "Microsoft Windows Operating System"
                },
                "pid": 8232,
                "working_directory": "C:\\Windows\\system32\\"
            },
            "related": {
                "hash": [
                    "935c1861df1f4018d698e8b65abfa02d7e9037d8f68ca3c2065b6ca165d44ad2",
                    "999999996175b77e0c3a000549d2922c"
                ],
                "user": [
                    "user"
                ]
            },
            "user": {
                "domain": "DOMAIN",
                "id": "S-1-5-18",
                "name": "user"
            },
            "winlog": {
                "channel": "Microsoft-Windows-Sysmon/Operational",
                "computer_name": "vagrant-2012-r2",
                "event_data": {
                    "Company": "Microsoft Corporation",
                    "Description": "Windows Command Processor",
                    "FileVersion": "10.0.14393.0 (rs1_release.160715-1616)",
                    "IntegrityLevel": "High",
                    "LogonGuid": "{99999999-3A6F-6235-680C-030000000000}",
                    "LogonId": "0x30c68",
                    "Product": "Microsoft Windows Operating System",
                    "TerminalSessionId": "0"
                },
                "event_id": "1",
                "opcode": "Info",
                "process": {
                    "pid": 4860,
                    "thread": {
                        "id": 4516
                    }
                },
                "provider_guid": "{9990385f-c22a-43e0-bf4c-06f5698ffbd9}",
                "provider_name": "Microsoft-Windows-Sysmon",
                "record_id": "3",
                "user": {
                    "identifier": "S-1-5-18"
                },
                "version": 5
            }
        },
        {
            "@timestamp": "2021-10-24T06:35:26.449Z",
            "ecs": {
                "version": "8.17.0"
            },
            "event": {
                "action": "Process creation",
                "agent_id_status": "verified",
                "category": [
                    "process"
                ],
                "code": "1",
                "created": "2021-10-24T06:35:27.362Z",
                "dataset": "windows.sysmon_operational",
                "ingested": "2021-10-24T06:35:29Z",
                "kind": "event",
                "provider": "Microsoft-Windows-Sysmon",
                "type": [
                    "start"
                ]
            },
            "log": {
                "level": "information"
            },
            "process": {
                "pe": {
                    "company": "Microsoft Corporation",
                    "description": "Windows Problem Reporting",
                    "file_version": "10.0.17763.1339 (WinBuild.160101.0800)",
                    "product": "Microsoft Windows Operating System"
                }
            },
            "user": {
                "id": "S-1-5-18"
            },
            "winlog": {
                "api": "wineventlog",
                "channel": "Microsoft-Windows-Sysmon/Operational",
                "computer_name": "MSEDGEWIN10",
                "event_data": {
                    "Company": "Microsoft Corporation",
                    "Description": "Windows Problem Reporting",
                    "FileVersion": "10.0.17763.1339 (WinBuild.160101.0800)",
                    "IntegrityLevel": "Medium",
                    "LogonGuid": "{747f3d96-f9b3-6174-0000-00207edf3900}",
                    "LogonId": "0x39df7e",
                    "Product": "Microsoft Windows Operating System",
                    "TerminalSessionId": "1"
                },
                "event_id": "1",
                "opcode": "Info",
                "process": {
                    "pid": 3428,
                    "thread": {
                        "id": 4688
                    }
                },
                "provider_guid": "{5770385f-c22a-43e0-bf4c-06f5698ffbd9}",
                "provider_name": "Microsoft-Windows-Sysmon",
                "record_id": "561649",
                "task": "Process Create (rule: ProcessCreate)",
                "user": {
                    "domain": "NT AUTHORITY",
                    "identifier": "S-1-5-18",
                    "name": "SYSTEM",
                    "type": "User"
                },
                "version": 5
            }
        },
        {
            "@timestamp": "2021-10-24T06:35:26.460Z",
            "ecs": {
                "version": "8.17.0"
            },
            "event": {
                "action": "ProcessAccess",
                "agent_id_status": "verified",
                "category": [
                    "process"
                ],
                "code": "10",
                "created": "2021-10-24T06:35:27.469Z",
                "dataset": "windows.sysmon_operational",
                "ingested": "2021-10-24T06:35:29Z",
                "kind": "event",
                "provider": "Microsoft-Windows-Sysmon",
                "type": [
                    "access"
                ]
            },
            "log": {
                "level": "information"
            },
            "user": {
                "id": "S-1-5-18"
            },
            "winlog": {
                "api": "wineventlog",
                "channel": "Microsoft-Windows-Sysmon/Operational",
                "computer_name": "MSEDGEWIN10",
                "event_data": {
                    "CallTrace": "C:\\Windows\\SYSTEM32\\ntdll.dll+a0fb4|C:\\Windows\\System32\\KERNELBASE.dll+485d2|C:\\Windows\\System32\\KERNELBASE.dll+45eaa|C:\\Windows\\System32\\KERNELBASE.dll+45a36|C:\\Windows\\System32\\KERNEL32.DLL+1c153|UNKNOWN(00007FFE11374AAE)",
                    "GrantedAccess": "0x1fffff",
                    "TargetImage": "C:\\Windows\\System32\\WerFault.exe",
                    "TargetProcessGUID": "{747f3d96-feae-6174-0000-00106ad39a00}",
                    "TargetProcessId": "24700"
                },
                "event_id": "10",
                "opcode": "Info",
                "process": {
                    "pid": 3428,
                    "thread": {
                        "id": 4688
                    }
                },
                "provider_guid": "{5770385f-c22a-43e0-bf4c-06f5698ffbd9}",
                "provider_name": "Microsoft-Windows-Sysmon",
                "record_id": "561650",
                "task": "Process accessed (rule: ProcessAccess)",
                "user": {
                    "domain": "NT AUTHORITY",
                    "identifier": "S-1-5-18",
                    "name": "SYSTEM",
                    "type": "User"
                },
                "version": 3
            }
        },
        {
            "@timestamp": "2017-05-13T22:53:43.214Z",
            "ecs": {
                "version": "8.17.0"
            },
            "event": {
                "action": "CreateRemoteThread",
                "category": [
                    "process"
                ],
                "code": "8",
                "created": "2017-05-13T22:53:43.214Z",
                "kind": "event",
                "original": "<Event xmlns=\"http://schemas.microsoft.com/win/2004/08/events/event\"><System><Provider Name=\"Microsoft-Windows-Sysmon\" Guid=\"{5770385F-C22A-43E0-BF4C-06F5698FFBD9}\" /><EventID>8</EventID><Version>2</Version><Level>4</Level><Task>8</Task><Opcode>0</Opcode><Keywords>0x8000000000000000</Keywords><TimeCreated SystemTime=\"2017-05-13T22:53:43.214864300Z\" /><EventRecordID>739823</EventRecordID><Correlation /><Execution ProcessID=\"2848\" ThreadID=\"3520\" /><Channel>Microsoft-Windows-Sysmon/Operational</Channel><Computer>rfsH.lab.local</Computer><Security UserID=\"S-1-5-18\" /></System><EventData><Data Name=\"UtcTime\">2017-05-13 22:53:43.214</Data><Data Name=\"SourceProcessGuid\">{A23EAE89-8E6D-5917-0000-0010DFAF5004}</Data><Data Name=\"SourceProcessId\">8804</Data><Data Name=\"SourceImage\">C:\\Program Files (x86)\\Microsoft Visual Studio 14.0\\Common7\\IDE\\Remote Debugger\\x64\\msvsmon.exe</Data><Data Name=\"TargetProcessGuid\">{A23EAE89-8E5A-5917-0000-00100E3E4D04}</Data><Data Name=\"TargetProcessId\">2024</Data><Data Name=\"TargetImage\">C:\\repos\\Supercharger\\Mtg.Supercharger.ControllerService\\bin\\x64\\Debug\\Mtg.Supercharger.ControllerService.exe</Data><Data Name=\"NewThreadId\">20532</Data><Data Name=\"StartAddress\">0x00007FFB09321970</Data><Data Name=\"StartModule\">C:\\Windows\\SYSTEM32\\ntdll.dll</Data><Data Name=\"StartFunction\">DbgUiRemoteBreakin</Data></EventData></Event>",
                "provider": "Microsoft-Windows-Sysmon",
                "type": [
                    "change"
                ]
            },
            "host": {
                "name": "rfsH.lab.local"
            },
            "log": {
                "level": "information"
            },
            "process": {
                "entity_id": "{A23EAE89-8E6D-5917-0000-0010DFAF5004}",
                "executable": "C:\\Program Files (x86)\\Microsoft Visual Studio 14.0\\Common7\\IDE\\Remote Debugger\\x64\\msvsmon.exe",
                "name": "msvsmon.exe",
                "pid": 8804
            },
            "user": {
                "id": "S-1-5-18"
            },
            "winlog": {
                "channel": "Microsoft-Windows-Sysmon/Operational",
                "computer_name": "rfsH.lab.local",
                "event_data": {
                    "NewThreadId": "20532",
                    "StartAddress": "0x00007FFB09321970",
                    "StartFunction": "DbgUiRemoteBreakin",
                    "StartModule": "C:\\Windows\\SYSTEM32\\ntdll.dll",
                    "TargetImage": "C:\\repos\\Supercharger\\Mtg.Supercharger.ControllerService\\bin\\x64\\Debug\\Mtg.Supercharger.ControllerService.exe",
                    "TargetProcessGUID": "{A23EAE89-8E5A-5917-0000-00100E3E4D04}",
                    "TargetProcessId": "2024"
                },
                "event_id": "8",
                "opcode": "Info",
                "process": {
                    "pid": 2848,
                    "thread": {
                        "id": 3520
                    }
                },
                "provider_guid": "{5770385F-C22A-43E0-BF4C-06F5698FFBD9}",
                "provider_name": "Microsoft-Windows-Sysmon",
                "record_id": "739823",
                "user": {
                    "identifier": "S-1-5-18"
                },
                "version": 2
            }
        },
