{"channel":"Operational ","correlationData":[{"hashId":"-4736378478248853643","key":"ProcessId","value":"1816"}],"endpointGuid":"af2c07d7-9f44-4e6f-bf1b-a884745eb4bd","endpointHostName":"tvo-5901-3","endpointIp":["fe80::57b7:a740:883f:9b14","10.2.0.6"],"endpointMacAddress":["60:45:bd:a7:0d:17"],"eventDataTaskName":"\\Microsoft\\Windows\\Windows Error Reporting\\QueueReporting","eventDataUserContext":"NT AUTHORITY\\SYSTEM","eventHashId":"-5733517375974387649","eventId":10,"eventSourceType":1,"eventSubId":0,"eventTime":"1741046597903","firstSeen":"1741046597903","groupId":"f37ba03c-5b7e-42b1-ab5b-39e63c9ed2b4","lastSeen":"1741046597903","logReceivedTime":"1741046864669","objectFirstSeen":"1741046597903","objectHashId":"-5733517375974387649","objectLastSeen":"1741046597903","osDescription":"Windows 10 Pro (64 bit) build 19045","osName":"Windows","osType":"0x00000030","osVer":"10.0.19045","plang":1,"pname":"Endpoint Sensor","pplat":5889,"processCmd":"C:\\Windows\\system32\\svchost.exe -k netsvcs -p -s Schedule","processFileHashSha1":"e4e3f6bbad17b41a42687b3d75ade4a10b0870ec","processFilePath":"C:\\Windows\\System32\\svchost.exe","processFileSize":"57528","processName":"C:\\Windows\\System32\\svchost.exe","processPid":1816,"processSigner":["Microsoft Windows Publisher"],"processSignerValid":[true],"productCode":"xes","providerGUID":"{DE7B24EA-73C8-4A09-985D-5BDADCFA9017}","providerName":"Microsoft-Windows-TaskScheduler","pver":"1.2.0.5960","rawDataSize":"788","rawDataStr":"{\n\t\"EventData\" : \n\t{\n\t\t\"InstanceId\" : \"{C848707C-9431-4DB3-8272-B84CF18135FD}\",\n\t\t\"TaskName\" : \"\\\\Microsoft\\\\Windows\\\\Windows Error Reporting\\\\QueueReporting\",\n\t\t\"UserContext\" : \"NT AUTHORITY\\\\SYSTEM\"\n\t},\n\t\"System\" : \n\t{\n\t\t\"Channel\" : \"Operational \",\n\t\t\"Computer\" : \"tvo-5901-3\",\n\t\t\"CorrelationActivityID\" : \"{C848707C-9431-4DB3-8272-B84CF18135FD}\",\n\t\t\"CorrelationRelatedActivityID\" : \"{00000000-0000-0000-0000-000000000000}\",\n\t\t\"EventID\" : 100,\n\t\t\"EventRecordID\" : 0,\n\t\t\"Keywords\" : 9223372036854775809,\n\t\t\"Level\" : 4,\n\t\t\"Opcode\" : 1,\n\t\t\"ProcessID\" : 1816,\n\t\t\"ProviderGuid\" : \"{DE7B24EA-73C8-4A09-985D-5BDADCFA9017}\",\n\t\t\"ProviderName\" : \"Microsoft-Windows-TaskScheduler\",\n\t\t\"Security\" : \"\",\n\t\t\"Task\" : 100,\n\t\t\"ThreadID\" : 9292,\n\t\t\"TimeCreated\" : 133855201979030056,\n\t\t\"Version\" : 0\n\t}\n}\n","rt":"133855201979030056","timezone":"UTC+00:00","uuid":"1d1a2ba7-0afd-4c3b-8c24-92aba929c56d","winEventId":100}
{"channel":"Operational ","correlationData":[{"hashId":"6623672603590598698","key":"ProcessId","value":"1596"}],"endpointGuid":"e4f4acd1-83ca-4340-b71f-31acc5ac834b","endpointHostName":"tvo-5901-1","endpointIp":["fe80::8e19:8678:8937:1a13","10.2.0.4"],"endpointMacAddress":["7c:1e:52:82:20:31"],"eventDataTaskName":"\\Microsoft\\Windows\\Flighting\\OneSettings\\RefreshCache","eventDataUserContext":"NT AUTHORITY\\SYSTEM","eventHashId":"7088970729142801265","eventId":10,"eventSourceType":1,"eventSubId":0,"eventTime":"1741046788104","firstSeen":"1741046788104","lastSeen":"1741046788104","logReceivedTime":"1741046872526","objectFirstSeen":"1741046788104","objectHashId":"7088970729142801265","objectLastSeen":"1741046788104","osDescription":"Windows 10 Pro (64 bit) build 19045","osName":"Windows","osType":"0x00000030","osVer":"10.0.19045","plang":1,"pname":"751","pplat":5889,"processCmd":"C:\\Windows\\system32\\svchost.exe -k netsvcs -p -s Schedule","processFileHashSha1":"e4e3f6bbad17b41a42687b3d75ade4a10b0870ec","processFilePath":"C:\\Windows\\System32\\svchost.exe","processFileSize":"57528","processName":"C:\\Windows\\System32\\svchost.exe","processPid":1596,"processSigner":["Microsoft Windows Publisher"],"processSignerValid":[true],"productCode":"xes","providerGUID":"{DE7B24EA-73C8-4A09-985D-5BDADCFA9017}","providerName":"Microsoft-Windows-TaskScheduler","pver":"1.2.0.5960","rawDataSize":"785","rawDataStr":"{\n\t\"EventData\" : \n\t{\n\t\t\"InstanceId\" : \"{691EA20E-54B7-4503-AB17-24BCB2EE255E}\",\n\t\t\"TaskName\" : \"\\\\Microsoft\\\\Windows\\\\Flighting\\\\OneSettings\\\\RefreshCache\",\n\t\t\"UserContext\" : \"NT AUTHORITY\\\\SYSTEM\"\n\t},\n\t\"System\" : \n\t{\n\t\t\"Channel\" : \"Operational \",\n\t\t\"Computer\" : \"tvo-5901-1\",\n\t\t\"CorrelationActivityID\" : \"{691EA20E-54B7-4503-AB17-24BCB2EE255E}\",\n\t\t\"CorrelationRelatedActivityID\" : \"{00000000-0000-0000-0000-000000000000}\",\n\t\t\"EventID\" : 100,\n\t\t\"EventRecordID\" : 0,\n\t\t\"Keywords\" : 9223372036854775809,\n\t\t\"Level\" : 4,\n\t\t\"Opcode\" : 1,\n\t\t\"ProcessID\" : 1596,\n\t\t\"ProviderGuid\" : \"{DE7B24EA-73C8-4A09-985D-5BDADCFA9017}\",\n\t\t\"ProviderName\" : \"Microsoft-Windows-TaskScheduler\",\n\t\t\"Security\" : \"\",\n\t\t\"Task\" : 100,\n\t\t\"ThreadID\" : 3972,\n\t\t\"TimeCreated\" : 133855203881045035,\n\t\t\"Version\" : 0\n\t}\n}\n","rt":"133855203881045035","timezone":"UTC+00:00","uuid":"9d32f4f3-cf73-4c45-8550-3437ec6301e1","winEventId":100}
{"channel":"Operational ","correlationData":[{"hashId":"6623672603590598698","key":"ProcessId","value":"1596"}],"endpointGuid":"e4f4acd1-83ca-4340-b71f-31acc5ac834b","endpointHostName":"tvo-5901-1","endpointIp":["fe80::8e19:8678:8937:1a13","10.2.0.4"],"endpointMacAddress":["7c:1e:52:82:20:31"],"eventDataTaskName":"\\Microsoft\\Windows\\Speech\\SpeechModelDownloadTask","eventDataUserContext":"(NONE)","eventHashId":"-1799418295444973792","eventId":10,"eventSourceType":1,"eventSubId":0,"eventTime":"1741046703837","firstSeen":"1741046703837","lastSeen":"1741046703837","logReceivedTime":"1741046872526","objectFirstSeen":"1741046703837","objectHashId":"-1799418295444973792","objectLastSeen":"1741046703837","osDescription":"Windows 10 Pro (64 bit) build 19045","osName":"Windows","osType":"0x00000030","osVer":"10.0.19045","plang":1,"pname":"751","pplat":5889,"processCmd":"C:\\Windows\\system32\\svchost.exe -k netsvcs -p -s Schedule","processFileHashSha1":"e4e3f6bbad17b41a42687b3d75ade4a10b0870ec","processFilePath":"C:\\Windows\\System32\\svchost.exe","processFileSize":"57528","processName":"C:\\Windows\\System32\\svchost.exe","processPid":1596,"processSigner":["Microsoft Windows Publisher"],"processSignerValid":[true],"productCode":"xes","providerGUID":"{DE7B24EA-73C8-4A09-985D-5BDADCFA9017}","providerName":"Microsoft-Windows-TaskScheduler","pver":"1.2.0.5960","rawDataSize":"766","rawDataStr":"{\n\t\"EventData\" : \n\t{\n\t\t\"InstanceId\" : \"{AA50C2E6-00C4-40C7-88DE-818BB951067D}\",\n\t\t\"TaskName\" : \"\\\\Microsoft\\\\Windows\\\\Speech\\\\SpeechModelDownloadTask\",\n\t\t\"UserContext\" : \"(NONE)\"\n\t},\n\t\"System\" : \n\t{\n\t\t\"Channel\" : \"Operational \",\n\t\t\"Computer\" : \"tvo-5901-1\",\n\t\t\"CorrelationActivityID\" : \"{AA50C2E6-00C4-40C7-88DE-818BB951067D}\",\n\t\t\"CorrelationRelatedActivityID\" : \"{00000000-0000-0000-0000-000000000000}\",\n\t\t\"EventID\" : 100,\n\t\t\"EventRecordID\" : 0,\n\t\t\"Keywords\" : 9223372036854775809,\n\t\t\"Level\" : 4,\n\t\t\"Opcode\" : 1,\n\t\t\"ProcessID\" : 1596,\n\t\t\"ProviderGuid\" : \"{DE7B24EA-73C8-4A09-985D-5BDADCFA9017}\",\n\t\t\"ProviderName\" : \"Microsoft-Windows-TaskScheduler\",\n\t\t\"Security\" : \"\",\n\t\t\"Task\" : 100,\n\t\t\"ThreadID\" : 5900,\n\t\t\"TimeCreated\" : 133855203038375761,\n\t\t\"Version\" : 0\n\t}\n}\n","rt":"133855203038375761","timezone":"UTC+00:00","uuid":"e051592b-e912-43f1-926b-db995aad1599","winEventId":100}
{"channel":"Operational ","correlationData":[{"hashId":"6623672603590598698","key":"ProcessId","value":"1596"}],"endpointGuid":"e4f4acd1-83ca-4340-b71f-31acc5ac834b","endpointHostName":"tvo-5901-1","endpointIp":["fe80::8e19:8678:8937:1a13","10.2.0.4"],"endpointMacAddress":["7c:1e:52:82:20:31"],"eventDataTaskName":"\\Microsoft\\Windows\\UpdateOrchestrator\\USO_UxBroker","eventDataUserContext":"NT AUTHORITY\\SYSTEM","eventHashId":"939278101101188078","eventId":10,"eventSourceType":1,"eventSubId":0,"eventTime":"1741046579003","firstSeen":"1741046579003","lastSeen":"1741046579003","logReceivedTime":"1741046872526","objectFirstSeen":"1741046579003","objectHashId":"939278101101188078","objectLastSeen":"1741046579003","osDescription":"Windows 10 Pro (64 bit) build 19045","osName":"Windows","osType":"0x00000030","osVer":"10.0.19045","plang":1,"pname":"751","pplat":5889,"processCmd":"C:\\Windows\\system32\\svchost.exe -k netsvcs -p -s Schedule","processFileHashSha1":"e4e3f6bbad17b41a42687b3d75ade4a10b0870ec","processFilePath":"C:\\Windows\\System32\\svchost.exe","processFileSize":"57528","processName":"C:\\Windows\\System32\\svchost.exe","processPid":1596,"processSigner":["Microsoft Windows Publisher"],"processSignerValid":[true],"productCode":"xes","providerGUID":"{DE7B24EA-73C8-4A09-985D-5BDADCFA9017}","providerName":"Microsoft-Windows-TaskScheduler","pver":"1.2.0.5960","rawDataSize":"781","rawDataStr":"{\n\t\"EventData\" : \n\t{\n\t\t\"InstanceId\" : \"{288A3B81-9BCA-4E3A-97BF-C1B5D8EEA986}\",\n\t\t\"TaskName\" : \"\\\\Microsoft\\\\Windows\\\\UpdateOrchestrator\\\\USO_UxBroker\",\n\t\t\"UserContext\" : \"NT AUTHORITY\\\\SYSTEM\"\n\t},\n\t\"System\" : \n\t{\n\t\t\"Channel\" : \"Operational \",\n\t\t\"Computer\" : \"tvo-5901-1\",\n\t\t\"CorrelationActivityID\" : \"{288A3B81-9BCA-4E3A-97BF-C1B5D8EEA986}\",\n\t\t\"CorrelationRelatedActivityID\" : \"{00000000-0000-0000-0000-000000000000}\",\n\t\t\"EventID\" : 100,\n\t\t\"EventRecordID\" : 0,\n\t\t\"Keywords\" : 9223372036854775809,\n\t\t\"Level\" : 4,\n\t\t\"Opcode\" : 1,\n\t\t\"ProcessID\" : 1596,\n\t\t\"ProviderGuid\" : \"{DE7B24EA-73C8-4A09-985D-5BDADCFA9017}\",\n\t\t\"ProviderName\" : \"Microsoft-Windows-TaskScheduler\",\n\t\t\"Security\" : \"\",\n\t\t\"Task\" : 100,\n\t\t\"ThreadID\" : 5900,\n\t\t\"TimeCreated\" : 133855201790039463,\n\t\t\"Version\" : 0\n\t}\n}\n","rt":"133855201790039463","timezone":"UTC+00:00","uuid":"71818b5d-83c7-44ec-b95e-e2c76692ec6d","winEventId":100}
